                                                         Cloudy 06.02.09a

                       **************************************06Feb09a*************************************
                       *                                                                                 *
                       * title zng1: log U = 1                                                           *
                       * init file="ism.ini"                                                             *
                       * CMB redshift 0                                                                  *
                       * table star Costar, temp=45,000K log(g)=4                                        *
                       * <<< costar     model C2 (18) read in.  T_eff = 41741.2, log(g) = 4.02       >>> *
                       * <<< costar     model C3 (15) read in.  T_eff = 37798.4, log(g) = 3.76       >>> *
                       * <<< costar     model D2 (21) read in.  T_eff = 46115.8, log(g) = 4.05       >>> *
                       * <<< costar     model D3 (17) read in.  T_eff = 39538.3, log(g) = 3.68       >>> *
                       * <<< costar T_eff = 45000.0, log(g) = 4.00, M(ZAMS) =  58.5, age = 1.01e+06  >>> *
                       * ionization parameter = 1                                                        *
                       * radius 17.3                                                                     *
                       * hden -0.7                                                                       *
                       * metals +0.1                                                                     *
                       * cosmic rays background                                                          *
                       * iterate to convergence                                                          *
                       * stop neutral column density 16.6                                                *
                       * stop temperature 500                                                            *
                       * print last iteration                                                            *
                       *                                                                                 *
                       ***********************************************************************************



           2693CellPeak1.02E+00   Lo 1.00e-08=910.45cm   Hi-Con:9.61E+00 Ryd   E(hi):7.35E+06Ryd     E(hi):     100.01 MeV
           I(nu>1ryd):   0.3311   Average nu:1.644E+00   I( X-ray):   0.0000   I(BalC):   0.3057     Phi(BalmrC):  11.1759
           phi(1.0-1.8):10.6185   phi(1.8-4.0): 10.261   phi(4.0-20):  7.624   phi(20--):  0.000     Ion pht flx:5.982E+10
           I(gam ray):   0.0000   phi(gam r):   0.0000   I(Infred):  -0.9751   Alf(ox):   0.0000     Total inten:   0.6306
           log L/Lsun: -32.9522   Abs bol mg:  87.1306   Abs V mag:  91.1729   Bol cor:  -4.0423     nuFnu(Bbet):  -0.9290
           U(1.0----):1.000E+01   U(4.0----):7.026E-03   T(En-Den):1.171E+01   T(Comp):5.022E+04     nuJnu(912A):2.151E+00
           Occ(FarIR):1.632E+03   Occ(H n=6):4.364E-14   Occ(1Ryd):9.882E-17   Occ(4R):6.255E-21     Occ (Nu-hi):9.950E-31
           Tbr(FarIR):2.717E+00   Tbr(H n=6):1.914E-10   Tbr(1Ryd):1.562E-11   Tbr(4R):3.953E-15     Tbr (Nu-hi):1.506E-24
  
                                                  Gas Phase Chemical Composition
        H :  0.0000  He: -1.0000  C : -4.6108  N : -5.0701  O : -4.3098  Ne: -5.0000  Mg: -5.4597  Al: -6.5302  Si: -5.4597
                                  P : -7.4949  S : -5.7352  Cl: -7.7190  Ar: -6.6003  Fe: -5.5498
 
 ####  1  Te:2.206E+04 Hden:1.995E-01 Ne:2.394E-01 R:2.035E+17 R-R0:3.991E+15 dR:7.981E+15 NTR:  2 Htot:1.082E-25 T912: 3.69e-09###
 Hydrogen      3.67e-07 1.00e+00 H+o/Hden 1.00e+00 5.27e-26 H-    H2 2.20e-28 1.27e-17 H2+ HeH+ 8.15e-20 Ho+ ColD 5.85e+08 1.59e+15
 Helium        3.65e-09 5.73e-03 9.94e-01 He I2SP3 9.82e-13 Comp H,C 2.21e-29 9.73e-30 Fill Fac 1.00e+00 Gam1/tot 1.00e+00
 He singlet n  3.65e-09 2.35e-19 3.75e-25 1.27e-25 2.02e-25 1.38e-25 He tripl 9.82e-13 1.03e-23 3.09e-25 2.26e-24 3.91e-25
 Pressure      NgasTgas 1.01e+04 P(total) 1.40e-12 P( gas ) 1.40e-12 P(Radtn) 0.00e+00 Rad accl 3.56e-09 ForceMul 7.62e+01
               Texc(La) 3.41e+03 T(contn) 1.15e+01 T(diffs) 1.01e-01 nT (c+d) 2.80e+06 Prad/Gas 0.00e+00 Pmag/Gas 0.00e+00
 Carbon        8.56e-15 3.60e-08 1.25e-03 3.26e-01 6.73e-01 0.00e+00 0.00e+00 H2O+/O   0.00e+00 OH+/Otot 0.00e+00 Hex(tot) 0.00e+00
 Nitrogen      6.02e-15 3.08e-08 2.29e-03 9.78e-01 1.92e-02 1.47e-06 0.00e+00 0.00e+00 O2/Ototl 0.00e+00 O2+/Otot 0.00e+00
 Oxygen        4.26e-14 2.36e-07 1.91e-02 9.61e-01 2.00e-02 0.00e+00 0.00e+00 0.00e+00 0.00e+00
 Neon          0.00e+00 1.99e-06 1.43e-01 8.56e-01 3.71e-04 0.00e+00 0.00e+00 0.00e+00 0.00e+00 0.00e+00 0.00e+00
 Magnesium     6.99e-10 1.30e-05 9.23e-01 7.67e-02 0.00e+00 0.00e+00 0.00e+00 0.00e+00 0.00e+00 0.00e+00 0.00e+00 0.00e+00 0.00e+00
 Aluminium  0  0.00e+00 2.42e-07 1.36e-04 1.00e+00 0.00e+00 0.00e+00 0.00e+00 0.00e+00 0.00e+00 0.00e+00 0.00e+00 0.00e+00 0.00e+00
 Silicon    0  1.18e-15 1.77e-09 8.00e-06 2.13e-03 9.98e-01 0.00e+00 0.00e+00 0.00e+00 0.00e+00 0.00e+00 0.00e+00 0.00e+00 0.00e+00
 Phosphorus 0  0.00e+00 1.36e-09 3.02e-05 3.22e-02 7.76e-01 1.92e-01 0.00e+00 0.00e+00 0.00e+00 0.00e+00 0.00e+00 0.00e+00 0.00e+00
 Sulphur    0  0.00e+00 3.67e-10 1.95e-05 1.45e-02 9.64e-01 2.16e-02 1.22e-05 0.00e+00 0.00e+00 0.00e+00 0.00e+00 0.00e+00 0.00e+00
 Chlorine   0  0.00e+00 1.06e-08 1.89e-04 8.86e-02 8.32e-01 7.87e-02 1.43e-06 0.00e+00 0.00e+00 0.00e+00 0.00e+00 0.00e+00 0.00e+00
 Argon      0  0.00e+00 1.63e-09 4.58e-04 3.00e-01 6.68e-01 3.10e-02 4.18e-06 0.00e+00 0.00e+00 0.00e+00 0.00e+00 0.00e+00 0.00e+00
 Iron       0  0.00e+00 3.87e-12 9.21e-07 1.93e-02 8.13e-01 1.68e-01 1.99e-05 0.00e+00 0.00e+00 0.00e+00 0.00e+00 0.00e+00 0.00e+00
 ####135  Te:1.244E+04 Hden:1.995E-01 Ne:2.157E-01 R:3.791E+19 R-R0:3.771E+19 dR:7.202E+16 NTR:  4 Htot:9.537E-26 T912: 2.52e-01###
 Hydrogen      1.58e-02 9.84e-01 H+o/Hden 1.00e+00 1.70e-20 H-    H2 3.46e-13 5.27e-11 H2+ HeH+ 1.33e-09 Ho+ ColD 3.98e+16 7.49e+18
 Helium        3.12e-02 9.67e-01 2.08e-03 He I2SP3 2.84e-10 Comp H,C 5.49e-34 1.39e-34 Fill Fac 1.00e+00 Gam1/tot 9.98e-01
 He singlet n  3.12e-02 5.72e-17 4.51e-22 2.22e-23 4.27e-23 3.50e-23 He tripl 2.84e-10 2.44e-21 6.49e-23 5.29e-22 9.92e-23
 Pressure      NgasTgas 5.42e+03 P(total) 7.48e-13 P( gas ) 7.48e-13 P(Radtn) 2.78e-17 Rad accl 3.01e-11 ForceMul 2.55e+04
               Texc(La) 2.88e+03 T(contn) 8.39e-01 T(diffs) 3.27e-01 nT (c+d) 2.82e+05 Prad/Gas 3.71e-05 Pmag/Gas 0.00e+00
 Carbon        2.31e-03 4.62e-01 5.35e-01 1.38e-03 0.00e+00 0.00e+00 0.00e+00 H2O+/O   0.00e+00 OH+/Otot 0.00e+00 Hex(tot) 0.00e+00
 Nitrogen      6.15e-03 6.10e-01 3.83e-01 1.26e-03 0.00e+00 0.00e+00 0.00e+00 0.00e+00 O2/Ototl 0.00e+00 O2+/Otot 0.00e+00
 Oxygen        1.47e-02 7.60e-01 2.25e-01 2.51e-05 0.00e+00 0.00e+00 0.00e+00 0.00e+00 0.00e+00
 Neon          2.80e-03 3.81e-01 6.16e-01 9.21e-06 0.00e+00 0.00e+00 0.00e+00 0.00e+00 0.00e+00 0.00e+00 0.00e+00
 Magnesium     5.59e-03 4.29e-01 5.65e-01 0.00e+00 0.00e+00 0.00e+00 0.00e+00 0.00e+00 0.00e+00 0.00e+00 0.00e+00 0.00e+00 0.00e+00
 Aluminium  0  9.53e-04 9.20e-01 6.93e-02 9.77e-03 0.00e+00 0.00e+00 0.00e+00 0.00e+00 0.00e+00 0.00e+00 0.00e+00 0.00e+00 0.00e+00
 Silicon    0  9.81e-04 3.66e-01 6.25e-01 7.88e-03 3.29e-06 0.00e+00 0.00e+00 0.00e+00 0.00e+00 0.00e+00 0.00e+00 0.00e+00 0.00e+00
 Phosphorus 0  6.00e-04 5.77e-01 4.09e-01 1.36e-02 2.76e-06 0.00e+00 0.00e+00 0.00e+00 0.00e+00 0.00e+00 0.00e+00 0.00e+00 0.00e+00
 Sulphur    0  5.82e-04 3.76e-01 6.19e-01 4.69e-03 2.41e-06 0.00e+00 0.00e+00 0.00e+00 0.00e+00 0.00e+00 0.00e+00 0.00e+00 0.00e+00
 Chlorine   0  3.66e-04 4.55e-01 5.41e-01 3.72e-03 0.00e+00 0.00e+00 0.00e+00 0.00e+00 0.00e+00 0.00e+00 0.00e+00 0.00e+00 0.00e+00
 Argon      0  3.93e-04 9.98e-02 8.96e-01 3.46e-03 0.00e+00 0.00e+00 0.00e+00 0.00e+00 0.00e+00 0.00e+00 0.00e+00 0.00e+00 0.00e+00
 Iron       0  3.07e-05 8.87e-02 7.97e-01 1.14e-01 1.58e-05 0.00e+00 0.00e+00 0.00e+00 0.00e+00 0.00e+00 0.00e+00 0.00e+00 0.00e+00
    zng1: log U = 1  
   Calculation stopped because column dens reached.  Iteration 3 of 3
   The geometry is spherical.
 C-R(out)/R(in)=  1.90e+02 and SPHERE was not set.
  !AGE: Cloud age was not set.  Longest timescale was 3.18e+13 s = 1.01e+06 years.
   Continuum fluorescent production of H-beta was significant.
   Destruction of He 2TriS reached 9.3% of the total He0 dest rate at zone 1, 9.3% of that was photoionization.
   Critical density for l-mixing of He I not reached.  More resolved levels are needed for accurate He I line ratios.
   The largest continuum occupation number was 1.632e+03 at 1.054e-08 Ryd.
   Grains were not present but might survive in this environment (energy density temperature was 1.17e+01K)

                       ********************************> Cloudy 06.02.09a <********************************
                       * title zng1: log U = 1                                                           *
                       * init file="ism.ini"                                                             *
                       * CMB redshift 0                                                                  *
                       * table star Costar, temp=45,000K log(g)=4                                        *
                       * ionization parameter = 1                                                        *
                       * radius 17.3                                                                     *
                       * hden -0.7                                                                       *
                       * metals +0.1                                                                     *
                       * cosmic rays background                                                          *
                       * iterate to convergence                                                          *
                       * stop neutral column density 16.6                                                *
                       * stop temperature 500                                                            *
                       * print last iteration                                                            *
                       *********************************> Log(U):  1.00 <*********************************
                       >>>>>>>>>> Cautions are present.

                     Emission Line Spectrum.   Constant  Density Model.    Open geometry.  Iteration 3 of 3.
                                                    Intensity (erg/s/cm^2)
  
 general properties..........      H  1  9015A  -4.380   0.0193      +Col  2945A  -4.369   0.0198      TOTL  3727A  -2.467   1.5831            
 TOTL  4861A  -2.666   1.0000      H  1  8863A  -4.503   0.0146      Ca B 2.060m  -4.217   0.0281      TOTL  7325A  -4.063   0.0401            
 TOTL  1216A  -1.244  26.4314      H  1  8750A  -4.616   0.0112      +Col 2.060m  -4.217   0.0281      O II  3729A  -2.690   0.9459            
 Inci     0    0.6311979.6484      H  1  8665A  -4.728   0.0087      Ca B  5016A  -4.264   0.0253      O II  3726A  -2.863   0.6354            
 TotH     0   -1.344  20.9928      H  1  8598A  -4.827   0.0069      +Col  5016A  -4.264   0.0253      O II  2471A  -4.157   0.0323            
 TotC     0   -1.344  21.0097      H  1  8545A  -4.923   0.0055      Ca B  3965A  -4.660   0.0101      O II  7323A  -4.325   0.0219            
 BFH1     0   -1.419  17.6766      H  1  8502A  -4.874   0.0062      +Col  3965A  -4.660   0.0101      O II  7332A  -4.411   0.0180            
 BFHe     0   -2.170   3.1317      H  1  8467A  -4.946   0.0052      Ca B  3614A  -4.968   0.0050      O  2 833.8A  -3.971   0.0495            
 TotM     0   -3.927   0.0548      H  1  8438A  -5.012   0.0045      +Col  3614A  -4.968   0.0050      TOTL  1665A  -3.969   0.0497            
 CT H     0   -4.324   0.0220      H  1  8413A  -5.071   0.0039      Ca B  7065A  -4.324   0.0220      O  3  1661A  -4.509   0.0144            
 CR H     0   -3.635   0.1075      H  1  8392A  -5.120   0.0035      +Col  7065A  -4.324   0.0220      O  3  1666A  -4.117   0.0354            
 H FB     0   -2.092   3.7463      H  1  8374A  -5.149   0.0033      Ca B  5876A  -3.628   0.1092      O  3  5007A  -2.496   1.4809            
 HFBc     0   -2.092   3.7462      H  1  8359A  -4.847   0.0066      +Col  5876A  -3.628   0.1092      O  3  4959A  -2.974   0.4920            
 continua....................      H  1  8346A  -4.888   0.0060      Ca B  4713A  -4.964   0.0050      TOTL  4363A  -4.312   0.0226            
 Bac   3646A  -1.593  11.8325      H  1  8334A  -4.932   0.0054      +Col  4713A  -4.964   0.0050      O  3  2321A  -4.939   0.0053            
 cout  3646A  -1.902   5.8033      H  1 4.051m  -3.798   0.0738      Ca B  4471A  -4.047   0.0416      O  3 88.33m  -3.201   0.2920            
 cref  3646A  -1.886   6.0293      H  1 2.625m  -4.032   0.0431      +Col  4471A  -4.047   0.0416      O  3 51.80m  -3.448   0.1653            
 thin  3646A  -1.601  11.6168      H  1 2.166m  -4.236   0.0269      Ca B  4121A  -5.377   0.0019      O  3 835.0A  -3.962   0.0506            
 Inci  4860A  -0.929  54.5872      H  1 1.945m  -4.410   0.0180      +Col  4121A  -5.377   0.0019      O  4 25.88m  -5.065   0.0040            
 Inci  1215A   0.3891134.1086      H  1 1.817m  -4.562   0.0127      Ca B  4026A  -4.365   0.0200      O  4 789.0A  -4.622   0.0111            
 Ba C     0   -2.163   3.1860      H  1 1.736m  -4.698   0.0093      +Col  4026A  -4.365   0.0200      Ne 2 12.81m  -4.408   0.0181            
 PA C     0   -2.591   1.1885      H  1 1.681m  -4.821   0.0070      Ca B  7281A  -4.847   0.0066      Ne 3 15.55m  -3.589   0.1194            
 FIR  83.00m  -4.218   0.0281      H  1 1.641m  -4.935   0.0054      +Col  7281A  -4.847   0.0066      Ne 3 36.01m  -4.638   0.0107            
 TIR  550.0m  -2.339   2.1210      H  1 1.611m  -5.047   0.0042      Ca B  6678A  -4.176   0.0309      Ne 3  3869A  -3.351   0.2066            
 NIRa 2.850m  -1.725   8.7393      H  1 1.588m  -5.147   0.0033      +Col  6678A  -4.176   0.0309      Ne 3  3968A  -3.872   0.0623            
 NIRb 3.000m  -2.110   3.5947      H  1 1.570m  -5.242   0.0027      Ca B  5048A  -5.398   0.0019      Ne 3  1815A  -5.621   0.0011            
 MIRa 15.00m  -3.306   0.2290      H  1 1.556m  -5.242   0.0027      +Col  5048A  -5.398   0.0019      Mg 1  2853A  -5.118   0.0035            
 MIRb 22.50m  -3.263   0.2530      H  1 1.544m  -5.314   0.0023      Ca B  4922A  -4.617   0.0112      TOTL  2798A  -2.752   0.8203            
 NMIR 21.75m  -1.712   8.9947      H  1 1.534m  -5.380   0.0019      +Col  4922A  -4.617   0.0112      Mg 2  2796A  -2.930   0.5445            
 TFIR 611.2m  -2.462   1.6000      H  1 1.526m  -5.438   0.0017      Ca B  4388A  -4.944   0.0053      Mg 2  2803A  -3.225   0.2758            
 Bcon  3650A   0.313 952.5022      H  1 1.519m  -5.487   0.0015      +Col  4388A  -4.944   0.0053      totl  2665A  -3.800   0.0734            
 Pcon  5000A  -1.052  41.1018      H  1 1.513m  -5.516   0.0014      Ca B 1.253m  -5.545   0.0013      Al 2  2670A  -4.217   0.0281            
 HFFc     0   -2.344   2.1005      H  1 1.508m  -5.214   0.0028      +Col 1.253m  -5.545   0.0013      Al 2  2660A  -4.010   0.0453            
 H FF     0   -2.386   1.9056      H  1 1.504m  -5.255   0.0026      Ca B  9464A  -5.626   0.0011      TOTL  1860A  -4.748   0.0083            
 HeFF     0   -3.379   0.1939      H  1 1.500m  -5.299   0.0023      +Col  9464A  -5.626   0.0011      Al 3  1855A  -4.926   0.0055            
 MeFB     0   -5.367   0.0020      H  1 7.458m  -4.298   0.0234      Ca B 1.700m  -5.198   0.0029      Al 3  1863A  -5.220   0.0028            
 ToFF     0   -2.344   2.1000      H  1 4.653m  -4.483   0.0152      +Col 1.700m  -5.198   0.0029      Si 2 34.81m  -3.699   0.0927            
 molecules...................      H  1 3.740m  -4.655   0.0103      Ca B 1.197m  -5.361   0.0020      TOTL  2335A  -4.079   0.0387            
 grains......................      H  1 3.296m  -4.808   0.0072      +Col 1.197m  -5.361   0.0020      Si 2  2334A  -4.871   0.0062            
 H-like iso-sequence.........      H  1 3.038m  -4.945   0.0053      Ca B 1.869m  -4.509   0.0144      Si 2  2350A  -4.983   0.0048            
 Clin 912.0A  -1.913   5.6572      H  1 2.872m  -5.068   0.0040      +Col 1.869m  -4.509   0.0144      Si 2  2344A  -4.454   0.0163            
 Cool  1216A  -1.957   5.1170      H  1 2.758m  -5.182   0.0030      Ca B 1.278m  -4.881   0.0061      Si 2  2336A  -4.620   0.0111            
 Crst 960.0A  -2.933   0.5403      H  1 2.674m  -5.295   0.0024      +Col 1.278m  -4.881   0.0061      Si 2  1814A  -4.175   0.0310            
 CION     0   -3.851   0.0653      H  1 2.612m  -5.395   0.0019      Ca B 1.870m  -4.986   0.0048      Si 2  1531A  -4.765   0.0080            
 Ca B  1216A  -1.176  30.8916      H  1 2.564m  -5.492   0.0015      +Col 1.870m  -4.986   0.0048      Si 2  1308A  -4.991   0.0047            
 Q(H)  4861A  -1.567  12.5483      H  1 2.525m  -5.528   0.0014      Ca B 1.279m  -5.358   0.0020      Si 2  1263A  -4.194   0.0296            
 Q(H)  1216A  -0.010 453.0131      H  1 2.495m  -5.600   0.0012      +Col 1.279m  -5.358   0.0020      Si 3  1207A  -3.829   0.0687            
 CaBo  4861A  -2.725   0.8725      H  1 2.469m  -5.666   0.0010      Ca B 1.909m  -5.652   0.0010      TOTL  1888A  -3.184   0.3034            
 CaBo  1640A  -3.886   0.0603      H  1 2.403m  -5.500   0.0015      +Col 1.909m  -5.652   0.0010      Si 3  1892A  -3.615   0.1125            
 CaBo  4686A  -4.743   0.0084      H  1 2.392m  -5.541   0.0013      He 1     0   -2.934   0.5391      Si 3  1883A  -3.385   0.1909            
 Ca A  1216A  -1.381  19.2923      H  1 2.382m  -5.585   0.0012      He 1 625.6A  -1.984   4.8057      TOTL  1397A  -4.264   0.0252            
 Ca A  1026A  -2.012   4.5062      H  1 12.37m  -4.714   0.0089      He 1 584.3A  -2.797   0.7389      Si 4  1403A  -4.713   0.0090            
 Ca A 972.5A  -2.419   1.7653      H  1 7.500m  -4.864   0.0063      He 1 537.0A  -3.387   0.1902      Si 4  1394A  -4.455   0.0163            
 Ca A 949.7A  -2.722   0.8790      H  1 5.907m  -5.012   0.0045      He 1 522.2A  -3.538   0.1342      P  3 17.89m  -5.608   0.0011            
 Ca A  6563A  -2.466   1.5864      H  1 5.127m  -5.148   0.0033      He 1 515.6A  -3.640   0.1062      S  2  6720A  -3.147   0.3307            
 Ca A  4861A  -2.905   0.5770      H  1 4.671m  -5.273   0.0025      He 1 512.1A  -3.722   0.0880      S  2  4074A  -4.158   0.0322            
 Ca A  4340A  -3.225   0.2759      H  1 4.375m  -5.387   0.0019      TOTL 1.083m  -3.383   0.1917      S  2 1.033m  -4.332   0.0216            
 Ca A  4102A  -3.477   0.1544      H  1 4.170m  -5.500   0.0015      He 1 1.083m  -4.338   0.0213      S II  6731A  -3.530   0.1368            
 Ca A 1.875m  -3.276   0.2458      H  1 4.020m  -5.600   0.0012      He 1 1.083m  -3.861   0.0639      S II  6716A  -3.379   0.1939            
 Ca A 1.282m  -3.592   0.1187      H  1 19.06m  -5.074   0.0039      He 1 1.083m  -3.639   0.1065      S II  4070A  -4.281   0.0243            
 Ca A 1.094m  -3.847   0.0659      H  1 11.31m  -5.196   0.0030      He 1  3889A  -3.637   0.1068      S II  4078A  -4.766   0.0079            
 Ca A 1.005m  -4.059   0.0405      H  1 8.758m  -5.327   0.0022      He 1  3188A  -4.024   0.0439      S II 1.032m  -4.784   0.0076            
 Ca A 4.051m  -3.886   0.0603      H  1 7.506m  -5.449   0.0016      He 1  2945A  -4.341   0.0212      S II 1.029m  -4.913   0.0057            
 Ca A 2.625m  -4.129   0.0344      H  1 6.770m  -5.563   0.0013      He 1  2829A  -4.598   0.0117      S II 1.037m  -5.237   0.0027            
 Ca A 2.166m  -4.341   0.0211      H  1 27.80m  -5.389   0.0019      He 1 2.060m  -4.952   0.0052      S II 1.034m  -4.917   0.0056            
 Ca A 1.945m  -4.523   0.0139      H  1 16.20m  -5.492   0.0015      He 1  5016A  -4.493   0.0149      S  2  1256A  -5.368   0.0020            
 Ca A 7.458m  -4.382   0.0192      H  1 12.38m  -5.608   0.0011      He 1  3965A  -4.903   0.0058      S  3 18.67m  -3.605   0.1151            
 Ca A 4.653m  -4.575   0.0123      Ca A 303.8A  -3.023   0.4396      He 1  3614A  -5.196   0.0029      S  3 33.47m  -3.255   0.2575            
 Ca A 3.740m  -4.755   0.0082      Ca A 256.3A  -3.732   0.0859      He 1  3448A  -5.409   0.0018      S  3  1720A  -4.818   0.0071            
 Ca A 3.296m  -4.914   0.0057      Ca A 243.0A  -4.159   0.0321      He 1  7065A  -4.337   0.0213      S  3  9532A  -3.148   0.3296            
 Ca B  6563A  -2.273   2.4727      Ca A 237.3A  -4.467   0.0158      He 1  5876A  -3.663   0.1007      S  3  9069A  -3.543   0.1329            
 Ca B  4861A  -2.722   0.8796      Ca A  1640A  -4.028   0.0434      He 1  4713A  -4.997   0.0047      S  3  6312A  -4.475   0.0155            
 Ca B  4340A  -3.048   0.4148      Ca A  1215A  -4.537   0.0135      He 1  4471A  -4.055   0.0408      S  3  3722A  -4.704   0.0092            
 Ca B  4102A  -3.304   0.2300      Ca A  1085A  -4.882   0.0061      He 1  4121A  -5.419   0.0018      S  3  1198A  -4.992   0.0047            
 Ca B 1.875m  -3.223   0.2771      Ca A  1025A  -5.145   0.0033      He 1  4026A  -4.369   0.0198      S  4 10.51m  -4.239   0.0267            
 Ca B 1.282m  -3.530   0.1369      Ca A  4686A  -4.755   0.0081      He 1  3820A  -4.626   0.0110      S  5 786.5A  -4.871   0.0062            
 Ca B 1.094m  -3.782   0.0766      Ca A  3203A  -5.137   0.0034      He 1  7281A  -4.935   0.0054      Cl 2  8579A  -5.336   0.0021            
 Ca B 1.005m  -3.992   0.0472      Ca A  2733A  -5.422   0.0018      He 1  6678A  -4.214   0.0283      TOTL  5525A  -5.091   0.0038            
 Ca B 4.051m  -3.861   0.0638      Ca A  2511A  -5.648   0.0010      He 1  5048A  -5.449   0.0016      Cl 3  5538A  -5.468   0.0016            
 Ca B 2.625m  -4.099   0.0369      Ca A 1.012m  -5.313   0.0023      He 1  4922A  -4.625   0.0110      Cl 3  5518A  -5.327   0.0022            
 Ca B 2.166m  -4.307   0.0228      Ca A  6560A  -5.613   0.0011      He 1  4388A  -4.943   0.0053      Cl 4  8047A  -5.379   0.0019            
 Ca B 1.945m  -4.488   0.0151      Ca B  1640A  -3.887   0.0602      He 1  4144A  -5.196   0.0030      Ar 2 6.980m  -5.354   0.0021            
 Ca B 7.458m  -4.366   0.0200      Ca B  1215A  -4.388   0.0190      He 1 4.295m  -5.626   0.0011      Ar 3  7135A  -4.039   0.0424            
 Ca B 4.653m  -4.556   0.0129      Ca B  1085A  -4.732   0.0086      He 1 1.253m  -5.518   0.0014      Ar 3  7751A  -4.657   0.0102            
 Ca B 3.740m  -4.734   0.0086      Ca B  1025A  -4.996   0.0047      He 1  9464A  -5.598   0.0012      Ar 3  3109A  -5.464   0.0016            
 Ca B 3.296m  -4.891   0.0060      Ca B  4686A  -4.726   0.0087      He 1 1.700m  -5.206   0.0029      Ar 3 21.83m  -5.433   0.0017            
 H  1     0   -1.558  12.8267      Ca B  3203A  -5.097   0.0037      He 1 1.197m  -5.365   0.0020      Ar 3 9.000m  -4.297   0.0234            
 H  1  1216A  -1.244  26.4314      Ca B  2733A  -5.376   0.0019      He 1 1.031m  -5.566   0.0013      TOTL  4725A  -5.650   0.0010            
 H  1  1026A  -3.588   0.1197      Ca B  2511A  -5.599   0.0012      He 1 1.869m  -4.588   0.0120      Fe2c     0   -3.298   0.2333            
 H  1 972.5A  -3.673   0.0985      Ca B 1.012m  -5.301   0.0023      He 1 1.278m  -4.924   0.0055      Fe 2  4300A  -4.166   0.0316            
 H  1 949.7A  -3.701   0.0922      Ca B  6560A  -5.596   0.0012      He 1 1.091m  -5.191   0.0030      Fe 2  2400A  -3.613   0.1131            
 H  1 937.8A  -3.712   0.0900      He 2     0   -3.181   0.3055      He 1 1.870m  -5.065   0.0040      Fe 2 1.644m  -4.383   0.0192            
 H  1 930.8A  -3.716   0.0891      He 2 303.8A  -2.810   0.7180      He 1 1.279m  -5.401   0.0018      Fe 2 1.257m  -4.367   0.0199            
 H  1 926.2A  -3.719   0.0884      He 2 256.3A  -4.848   0.0066      He 1 1.909m  -5.659   0.0010      Fe 2 1.321m  -4.947   0.0052            
 H  1 923.2A  -3.725   0.0874      He 2 243.0A  -5.068   0.0040      He 1 4.048m  -5.297   0.0023      Fe 2 25.99m  -4.861   0.0064            
 H  1 921.0A  -3.734   0.0855      He 2 237.3A  -5.183   0.0030      He 1 2.623m  -5.601   0.0012      Fe 2 35.35m  -5.453   0.0016            
 H  1 919.4A  -3.747   0.0830      He 2 234.4A  -5.255   0.0026      level 1 lines...............      Fe 2 17.94m  -5.379   0.0019            
 H  1 918.1A  -3.765   0.0796      He 2 232.6A  -5.308   0.0023      C Ic  9850A  -5.336   0.0021      Fe 2 1.810m  -5.081   0.0038            
 H  1 917.2A  -3.795   0.0743      He 2 231.5A  -5.358   0.0020      TOTL  9850A  -5.336   0.0021      Fe 2  8617A  -5.216   0.0028            
 H  1 916.4A  -3.823   0.0697      He 2 230.7A  -5.407   0.0018      C  2 157.6m  -3.802   0.0731      Fe 2  8892A  -5.661   0.0010            
 H  1 915.8A  -3.858   0.0643      He 2 230.2A  -5.448   0.0017      TOTL  2326A  -3.452   0.1636      Fe 2  1786A  -4.722   0.0088            
 H  1 915.3A  -3.885   0.0604      He 2 229.8A  -5.495   0.0015      C  2  2325A  -4.303   0.0231      Fe3c     0   -3.222   0.2782            
 H  1 914.9A  -3.915   0.0564      He 2 229.4A  -5.664   0.0010      C  2  2324A  -4.737   0.0085      Fe 3 22.92m  -3.917   0.0562            
 H  1 914.6A  -3.944   0.0527      He 2 228.3A  -5.531   0.0014      C  2  2329A  -4.284   0.0241      Fe 3 33.03m  -4.482   0.0153            
 H  1 914.3A  -3.971   0.0495      He 2 228.3A  -5.531   0.0014      C  2  2328A  -3.875   0.0618      Fe 3 51.67m  -5.101   0.0037            
 H  1 914.0A  -3.993   0.0472      He 2 228.3A  -5.539   0.0013      C  2  2327A  -4.002   0.0461      Fe 3  5271A  -4.076   0.0389            
 H  1 913.8A  -3.997   0.0466      He 2  1640A  -3.694   0.0937      C  2  1335A  -3.881   0.0609      Fe 3  5412A  -5.119   0.0035            
 H  1 913.6A  -3.674   0.0981      He 2  1215A  -4.185   0.0303      REC   1335A  -4.719   0.0088      Fe 3  4925A  -5.488   0.0015            
 H  1 913.5A  -3.697   0.0931      He 2  1085A  -4.512   0.0143      C  3 977.0A  -3.518   0.1405      Fe 3 40.04m  -5.657   0.0010            
 H  1 913.3A  -3.725   0.0872      He 2  1025A  -4.757   0.0081      P386 977.0A  -4.452   0.0164      Fe 3  4881A  -4.630   0.0109            
 H  1  6563A  -2.217   2.8151      He 2 992.4A  -4.952   0.0052      TOTL  1909A  -3.029   0.4337      Fe 3  4988A  -5.395   0.0019            
 H  1  4861A  -2.666   1.0000      He 2 972.2A  -5.118   0.0035      C  3  1910A  -3.432   0.1714      Fe 3  5012A  -4.744   0.0084            
 H  1  4340A  -2.987   0.4777      He 2 958.8A  -5.262   0.0025      C  3  1907A  -3.247   0.2623      Fe 3  5085A  -5.514   0.0014            
 H  1  4102A  -3.238   0.2678      He 2 949.4A  -5.389   0.0019      TOTL  1549A  -3.867   0.0630      Fe 3  4931A  -5.576   0.0012            
 H  1  3970A  -3.444   0.1667      He 2 942.6A  -5.507   0.0014      C  4  1551A  -4.294   0.0235      Fe 3  4659A  -3.783   0.0764            
 H  1  3889A  -3.619   0.1114      He 2 925.9A  -5.652   0.0010      C  4  1548A  -4.070   0.0395      Fe 3  4755A  -4.521   0.0140            
 H  1  3835A  -3.771   0.0785      He 2  4686A  -4.536   0.0135      C  4 312.0A  -4.893   0.0059      Fe 3  4608A  -5.077   0.0039            
 H  1  3798A  -3.909   0.0572      He 2  3203A  -4.893   0.0059      N  1  5200A  -5.592   0.0012      Fe 3  4702A  -4.312   0.0226            
 H  1  3771A  -4.032   0.0431      He 2  2733A  -5.158   0.0032      N  2  6584A  -3.217   0.2813      Fe 3  4770A  -4.786   0.0076            
 H  1  3750A  -4.145   0.0332      He 2  2511A  -5.366   0.0020      N  2  6548A  -3.687   0.0953      Fe 3  4668A  -5.490   0.0015            
 H  1  3734A  -4.258   0.0256      He 2  2386A  -5.539   0.0013      N  2  5755A  -4.842   0.0067      Fe 3  4734A  -4.936   0.0054            
 H  1  3722A  -4.357   0.0204      He 2 1.012m  -5.108   0.0036      N  2 121.7m  -4.667   0.0100      Fe 3  4778A  -5.259   0.0026            
 H  1  3712A  -4.453   0.0163      He 2  6560A  -5.384   0.0019      N  2 205.4m  -4.497   0.0148      Fe 3  1126A  -4.682   0.0096            
 H  1  3704A  -4.360   0.0202      He 2  5412A  -5.608   0.0011      N  2  2141A  -4.473   0.0156      Fe4c     0   -3.748   0.0828            
 H  1  3697A  -4.432   0.0171      He 2 1.864m  -5.567   0.0013      N  2  1085A  -4.355   0.0204      Fe 4  3096A  -4.208   0.0287            
 H  1  3692A  -4.498   0.0147      He-like iso-sequence........      Rec   1085A  -5.615   0.0011      Fe 4  2836A  -4.210   0.0286            
 H  1  3687A  -4.557   0.0128      Ca A 584.3A  -2.691   0.9435      N  3 57.21m  -3.705   0.0914      Fe 4  2829A  -4.480   0.0153            
 H  1  3683A  -4.606   0.0115      Ca A  7281A  -5.106   0.0036      TOTL  1750A  -4.184   0.0304      Fe 4  2567A  -4.789   0.0075            
 H  1  3679A  -4.635   0.0107      Ca A  5048A  -5.553   0.0013      N  3  1749A  -5.030   0.0043      Fe 4 284.0A  -5.579   0.0012            
 H  1  3676A  -4.333   0.0215      Ca B 584.3A  -5.434   0.0017      N  3  1747A  -5.583   0.0012      recombination...............            
 H  1  3674A  -4.374   0.0196      +Col 584.3A  -5.434   0.0017      N  3  1754A  -5.027   0.0044      C  2  1037A  -5.336   0.0021            
 H  1  3671A  -4.419   0.0177      Ca B 1.083m  -3.380   0.1933      N  3  1752A  -4.595   0.0118      C  2 946.1A  -5.453   0.0016            
 H  1 1.875m  -3.166   0.3165      +Col 1.083m  -3.380   0.1934      N  3  1751A  -4.727   0.0087      C  2 799.8A  -4.593   0.0118            
 H  1 1.282m  -3.469   0.1575      Ca B  3889A  -3.659   0.1017      N  3 991.0A  -3.991   0.0474      O  2 386.3A  -5.264   0.0025            
 H  1 1.094m  -3.716   0.0892      +Col  3889A  -3.659   0.1017      TOTL  1486A  -5.459   0.0016      O  2 385.7A  -5.436   0.0017            
 H  1 1.005m  -3.919   0.0558      Ca B  3188A  -4.050   0.0413      N  4 765.0A  -4.268   0.0250      level2 lines................            
 H  1  9546A  -4.093   0.0374      +Col  3188A  -4.050   0.0413      O  1  6300A  -5.099   0.0037      hyperfine structure.........            
 H  1  9229A  -4.244   0.0264      Ca B  2945A  -4.369   0.0198      O  1  6363A  -5.595   0.0012      inner shell.................            



  zng1: log U = 1  
 Cooling:  HFBc     0 :0.178 HFFc     0 :0.100 Clin 912.0A:0.269 TOTL  3727A:0.075 O  3  5007A:0.070  
 Heating:  BFH1     0 :0.842 BFHe     0 :0.149  

 IONIZE PARMET:  U(1-)  1.0000  U(4-): -2.1533  U(sp): -3.56  Q(ion):   10.735  L(ion)  0.295    Q(low): 13.100    L(low)  0.341
 ENERGY BUDGET:  Heat:  -1.344  Coolg:  -1.344  Error:  0.1%  Rec Lin:  -1.528  F-F  H-13.092    P(rad/tot)max     1.09E-02

     Col(Heff):      0.000E+00  snd travl time  2.77E+13 sec  Te-low: 1.24E+04  Te-hi: 2.21E+04  G0TH85: 1.04E+03  G0DB96:1.60E+03
  Emiss Measure    n(e)n(p) dl       1.649E+18  n(e)n(He+)dl         1.480E+17  En(e)n(He++) dl         1.607E+16
 He/Ha:7.55E-02  =   0.75*true  Lthin:6.56E+06  itr/zn: 2.87  H2 itr/zn:  0.00  File Opacity: F  Mass tot  35.046
   Temps(21 cm)   T(21cm/Ly a)  5.25E+03        T(<n(H0)/T>)  1.29E+04          T(<n/Tspin>)     5.54E+03          TB21cm:8.29E-04
        <Tspin>  5.54E+03       N(H0/Tspin)     7.19E+12      N(OH/Tkine)       0.00E+00         B(21cm):0.00E+00
   <a>:0.00E+00  erdeFe0.0E+00  Tcompt5.01E+11  Tthr1.93E+13  <Tden>: 1.25E+00  <dens>:2.65E-20  <MolWgt>1.00E+00
     Mean Jeans  l(cm)1.28E+20  M(sun)2.55E+02  smallest:     len(cm):1.27E+22  M(sun):2.52E+08  a_ox tran:  0.00
 Hatom level 26  NHtopoff:  22  HatomType: add  HInducImp  F  He tot level: 63  He2 level:   26  ExecTime    46.1
 ConvrgError(%)  <eden>  0.039  MaxEden  0.098  <H-C>   0.17  Max(H-C)    0.50  <Press>   0.000  MaxPrs er  0.000
  Continuity(%)  chng Te   0.9  elec den   0.3  n(H2)    0.0  n(CO)        0.0

                                                        Averaged Quantities
             Te      Te(Ne)   Te(NeNp)  Te(NeHe+)Te(NeHe2+) Te(NeO+)  Te(NeO2+)  Te(H2)     N(H)     Ne(O2+)   Ne(Np)   
 Radius:  1.45e+04  1.45e+04  1.45e+04  1.42e+04  1.75e+04  1.32e+04  1.48e+04  1.28e+04  2.00e-01  2.20e-01  2.20e-01
 
 Peimbert T(OIIIr)1.37E+04 T(Bac)1.62E+04 T(Hth)1.32E+04 t2(Hstrc) 2.97e-03 T(O3-BAC)1.35E+04 t2(O3-BC) 1.04e-02 t2(O3str) 3.68e-03

 Contin Optical Depths: COMP: 5.52e-06    H-: 5.76e-19 R(1300): 2.67e-07  H2+: 8.55e-10  Pfa:5.52E-06
                          Pa: 5.52e-06    Ba: 5.52e-06      Hb: 5.52e-06   La: 6.64e-04     1r:2.515E-01  1.8:1.06E-01 4.:1.089E+00
  Line Optical Depths: 10830: 2.16e-04  3889: 9.29e-06    5876: 2.10e-15 7065: 2.71e-16  2.06m: 7.26e-11  21c: 1.50e-07

 Old, new H  1 continuum optical depths:
     1 2.52e-01     2 2.82e-13     3 9.05e-19     4 1.16e-18     5 2.52e-18     6 5.32e-18     7 1.01e-17     8 1.74e-17
     9 2.82e-17    10 4.34e-17    11 6.45e-17    12 9.14e-17    13 1.26e-16    14 1.73e-16    15 2.31e-16    16 2.99e-16
    17 3.88e-16    18 4.92e-16    19 6.10e-16    20 7.57e-16    21 9.17e-16    22 1.11e-15    23 1.27e-15    24 1.42e-15
    25 1.55e-15
     1 2.52e-01     2 2.82e-13     3 9.05e-19     4 1.16e-18     5 2.52e-18     6 5.32e-18     7 1.01e-17     8 1.74e-17
     9 2.82e-17    10 4.34e-17    11 6.45e-17    12 9.14e-17    13 1.26e-16    14 1.73e-16    15 2.31e-16    16 2.99e-16
    17 3.88e-16    18 4.92e-16    19 6.10e-16    20 7.57e-16    21 9.17e-16    22 1.11e-15    23 1.27e-15    24 1.42e-15
    25 1.55e-15

 Old, new H  1 line optical depths:
  2- 1 2.05e+03  3- 2 6.85e-09  4- 3 1.55e-15  5- 4 1.53e-15  6- 5 7.25e-16  7- 6-1.30e-15  8- 7-7.12e-15
  9- 8-1.52e-14 10- 9-1.14e-14 11-10-1.60e-14 12-11 3.59e-14 13-12 4.16e-13 14-13 2.00e-13 15-14 5.53e-13 16-15-5.02e-13
 17-16-8.89e-13 18-17-1.79e-12 19-18-3.89e-12 20-19-9.29e-12 21-20 2.67e-10 22-21 3.83e-10 23-22 1.13e-09 24-23 1.53e-09
 25-24 2.01e-09
  2- 1 2.05e+03  3- 2 6.84e-09  4- 3 1.55e-15  5- 4 1.55e-15  6- 5 7.90e-16  7- 6-1.18e-15  8- 7-7.86e-15
  9- 8-1.64e-14 10- 9-7.63e-15 11-10-6.95e-15 12-11 4.64e-14 13-12 4.32e-13 14-13 2.25e-13 15-14 5.85e-13 16-15-5.15e-13
 17-16-9.60e-13 18-17-2.04e-12 19-18-4.64e-12 20-19-1.14e-11 21-20 2.62e-10 22-21 3.76e-10 23-22 1.12e-09 24-23 1.51e-09
 25-24 1.98e-09

 Old, new He 2 continuum optical depths:
     1 1.09e+00     2 2.48e-01     3 5.76e-08     4 2.80e-13     5 5.97e-19     6 9.05e-19     7 9.87e-19     8 1.16e-18
     9 1.47e-18    10 2.52e-18    11 3.41e-18    12 5.32e-18    13 6.90e-18    14 1.01e-17    15 1.25e-17    16 1.74e-17
    17 2.11e-17    18 2.82e-17    19 3.38e-17    20 4.34e-17    21 5.12e-17    22 6.45e-17    23 7.41e-17    24 9.14e-17
    25 1.05e-16
     1 1.09e+00     2 2.48e-01     3 5.76e-08     4 2.80e-13     5 5.97e-19     6 9.05e-19     7 9.87e-19     8 1.16e-18
     9 1.47e-18    10 2.52e-18    11 3.41e-18    12 5.32e-18    13 6.90e-18    14 1.01e-17    15 1.25e-17    16 1.74e-17
    17 2.11e-17    18 2.82e-17    19 3.38e-17    20 4.34e-17    21 5.12e-17    22 6.45e-17    23 7.41e-17    24 9.14e-17
    25 1.05e-16

 Old, new He 2 line optical depths:
  2- 1 1.67e+04  3- 2 1.73e-11  4- 3 4.10e-17  5- 4 6.34e-17  6- 5 9.31e-17  7- 6 1.19e-16  8- 7 3.63e-16
  9- 8 9.73e-16 10- 9 1.41e-15 11-10 4.22e-15 12-11 4.07e-14 13-12 2.86e-15 14-13 6.14e-15 15-14 1.38e-14 16-15 1.63e-15
 17-16 8.26e-16 18-17 1.32e-15 19-18 1.05e-15 20-19-2.64e-15 21-20 1.59e-12 22-21 2.15e-12 23-22 4.12e-12 24-23 5.39e-12
 25-24 6.88e-12
  2- 1 1.67e+04  3- 2 1.74e-11  4- 3 4.11e-17  5- 4 6.32e-17  6- 5 9.19e-17  7- 6 1.15e-16  8- 7 3.52e-16
  9- 8 9.49e-16 10- 9 1.37e-15 11-10 4.15e-15 12-11 4.08e-14 13-12 2.74e-15 14-13 6.04e-15 15-14 1.39e-14 16-15 1.37e-15
 17-16 4.90e-16 18-17 9.53e-16 19-18 6.65e-16 20-19-4.56e-15 21-20 1.62e-12 22-21 2.19e-12 23-22 4.20e-12 24-23 5.49e-12
 25-24 7.00e-12

 Old He Is optical depths:   1 1.06e-01   2 1.03e-09   3 2.03e-13   4 2.48e-13   5 2.48e-13   6 2.48e-13   7 3.41e-19   8 7.15e-19
 New He Is optical depths:   1 1.06e-01   2 1.03e-09   3 2.03e-13   4 2.48e-13   5 2.48e-13   6 2.48e-13   7 3.41e-19   8 7.15e-19
          Old He Is Lines: 2-1 2.50e+02 3-2 1.83e-17
          New He Is Lines: 2-1 2.50e+02 3-2 1.84e-17

                                                     Log10 Column density (cm^-2)
   Htot  : 18.877   HII   : 18.875   HI    : 16.600   H-    : -1.838   H2g   :  5.575   H2*   :  1.924   H2+   :  8.087   HeH+  :  9.491
   H3+   : -2.948
   CH    :-35.930   CH+   :-35.930   OH    :-35.930   OH+   :-35.930   O2    :-35.930   CO    :-35.930   CO+   :-35.930   H2O   :-35.930
   H2O+  :-35.930   O2+   :-35.930   H3O+  :-35.930   CH2+  :-35.930   CH2   :-35.930   HCO+  :-35.930   CH3+  :-35.930   SiH2+ :-35.930
   SiH   :-35.930   HOSi+ :-35.930   SiO   :-35.930   SiO+  :-35.930   CH3   :-35.930   CH4   :-35.930   CH4+  :-35.930   CH5+  :-35.930
   N2    :-35.930   N2+   :-35.930   NO    :-35.930   NO+   :-35.930   S2    :-35.930   S2+   :-35.930   OCN   :-35.930   OCN+  :-35.930
   NH    :-35.930   NH+   :-35.930   NH2   :-35.930   NH2+  :-35.930   NH3   :-35.930   NH3+  :-35.930   NH4+  :-35.930   CN    :-35.930
   CN+   :-35.930   HCN   :-35.930   HCN+  :-35.930   HNO   :-35.930   HNO+  :-35.930   HS    :-35.930   HS+   :-35.930   CS    :-35.930
   CS+   :-35.930   NO2   :-35.930   NO2+  :-35.930   NS    :-35.930   NS+   :-35.930   SO    :-35.930   SO+   :-35.930   SiN   :-35.930
   SiN+  :-35.930   N2O   :-35.930   HCS+  :-35.930   OCS   :-35.930   OCS+  :-35.930   C2    :-35.930   C2+   :-35.930   CCl   :-35.930
   ClO   :-35.930   HCl+  :-35.930   HCl   :-35.930   H2Cl+ :-35.930   CCl+  :-35.930   H2CCl+:-35.930   ClO+  :-35.930   HNC   :-35.930
   HCNH+ :-35.930   C2H   :-35.930   C2H+  :-35.930   C2H2  :-35.930   C2H2+ :-35.930   C3H   :-35.930   C3H+  :-35.930   C2H3+ :-35.930
   C3    :-35.930   C3+   :-35.930   COgrn :-35.930   H2Ogrn:-35.930   OHgrn :-35.930


               1      2      3      4      5      6      7      8      9     10     11     12     13     14     15     16     17

 Hydrogen   16.600 18.875  5.575 (H2)                Log10 Column density (cm^-2)
 Helium     15.884 17.830 16.845
 Carbon     10.987 13.531 14.104 13.350 12.061
 Nitrogen   10.896 13.131 13.619 12.950  9.823  4.827
 Oxygen     12.087 14.036 14.383 13.244 10.511
 Neon       10.650 13.044 13.800 12.022  7.944
 Magnesium  10.694 12.637 13.337 10.055
 Aluminium   9.075 12.118 11.428 11.806
 Silicon     9.870 12.572 13.247 12.404 12.342
 Phosphorus  7.703 10.769 11.093 10.701  9.892  8.398
 Sulphur     9.259 12.294 12.960 12.312 11.862  9.168  5.445
 Chlorine    7.195 10.425 10.966 10.343  9.435  7.640  2.167
 Argon       8.177 10.823 12.175 11.495 10.135  8.213  3.953
 Iron        8.263 11.683 12.934 13.050 11.975 10.233  5.868
 Exc state    He1*  8.276   CII* 11.429   C11* 10.826   C12* 10.384   C13*  9.769   O11* 12.087   O12*  7.303   O13*  7.368
              Si2*  8.894   C30* 10.636   C31*  1.619   C32*  6.108


 Hydrogen   -2.023 -0.004-12.633 (H2)                 Log10 Mean Ionisation (over volume)
 Helium     -1.734 -0.012 -2.046
 Carbon     -2.963 -0.503 -0.173 -1.900 -4.791
 Nitrogen   -2.577 -0.415 -0.223 -1.842 -6.647-12.998
 Oxygen     -2.156 -0.282 -0.329 -2.878 -7.129
 Neon       -2.903 -0.597 -0.127 -3.764 -9.432
 Magnesium  -2.464 -0.545 -0.148 -5.575
 Aluminium  -3.072 -0.078 -0.975 -1.234
 Silicon    -3.265 -0.620 -0.138 -1.532 -2.780
 Phosphorus -3.416 -0.386 -0.273 -1.257 -3.366 -6.062
 Sulphur    -3.565 -0.606 -0.142 -1.513 -3.059 -6.977-11.553
 Chlorine   -3.678 -0.504 -0.179 -1.605 -3.892 -6.824-13.009
 Argon      -3.771 -1.204 -0.039 -1.633 -4.565 -7.568-12.277
 Iron       -4.769 -1.340 -0.189 -0.514 -2.933 -6.148-11.286

               1      2      3      4      5      6      7      8      9     10     11     12     13     14     15     16     17

 Hydrogen   -2.277 -0.002-13.001 (H2)                 Log10 Mean Ionisation (over radius)
 Helium     -1.993 -0.047 -1.032
 Carbon     -3.279 -0.735 -0.162 -0.916 -2.205
 Nitrogen   -2.911 -0.675 -0.188 -0.857 -3.984 -8.979
 Oxygen     -2.480 -0.531 -0.184 -1.323 -4.056
 Neon       -3.227 -0.832 -0.077 -1.855 -5.933
 Magnesium  -2.723 -0.781 -0.080 -3.362
 Aluminium  -3.272 -0.229 -0.918 -0.541
 Silicon    -3.548 -0.845 -0.170 -1.014 -1.075
 Phosphorus -3.679 -0.614 -0.289 -0.681 -1.490 -2.984
 Sulphur    -3.883 -0.848 -0.182 -0.830 -1.280 -3.974 -7.696
 Chlorine   -3.963 -0.733 -0.192 -0.815 -1.722 -3.518 -8.991
 Argon      -4.099 -1.454 -0.101 -0.781 -2.142 -4.063 -8.323
 Iron       -5.064 -1.645 -0.393 -0.278 -1.352 -3.094 -7.459

 Hydrogen   -2.024 -0.004-12.635 (H2)         Log10 Mean Ionisation (over volume*electron density)
 Helium     -1.735 -0.012 -2.041
 Carbon     -2.964 -0.504 -0.172 -1.894 -4.768
 Nitrogen   -2.578 -0.416 -0.223 -1.837 -6.625-12.956
 Oxygen     -2.157 -0.282 -0.328 -2.868 -7.097
 Neon       -2.904 -0.598 -0.127 -3.754 -9.392
 Magnesium  -2.465 -0.546 -0.147 -5.563
 Aluminium  -3.073 -0.079 -0.975 -1.230
 Silicon    -3.266 -0.620 -0.138 -1.529 -2.766
 Phosphorus -3.417 -0.387 -0.273 -1.254 -3.352 -6.029
 Sulphur    -3.567 -0.607 -0.142 -1.509 -3.045 -6.946-11.511
 Chlorine   -3.680 -0.505 -0.179 -1.601 -3.875 -6.787-12.968
 Argon      -3.772 -1.205 -0.039 -1.629 -4.546 -7.529-12.236
 Iron       -4.770 -1.341 -0.190 -0.512 -2.923 -6.117-11.245

               1      2      3      4      5      6      7      8      9     10     11     12     13     14     15     16     17

 Hydrogen   -2.282 -0.002-13.008 (H2)         Log10 Mean Ionisation (over radius*electron density)
 Helium     -1.998 -0.049 -1.014
 Carbon     -3.285 -0.740 -0.164 -0.901 -2.171
 Nitrogen   -2.917 -0.681 -0.190 -0.842 -3.950 -8.943
 Oxygen     -2.486 -0.537 -0.183 -1.298 -4.021
 Neon       -3.233 -0.838 -0.076 -1.824 -5.897
 Magnesium  -2.728 -0.786 -0.079 -3.329
 Aluminium  -3.277 -0.233 -0.920 -0.532
 Silicon    -3.553 -0.850 -0.173 -1.009 -1.052
 Phosphorus -3.685 -0.619 -0.291 -0.674 -1.463 -2.948
 Sulphur    -3.889 -0.853 -0.185 -0.823 -1.255 -3.939 -7.660
 Chlorine   -3.969 -0.738 -0.194 -0.804 -1.692 -3.483 -8.954
 Argon      -4.106 -1.459 -0.104 -0.769 -2.109 -4.027 -8.287
 Iron       -5.070 -1.651 -0.398 -0.276 -1.327 -3.059 -7.422

 Hydrogen    4.112  4.122  4.105 (H2)                  Log10 Mean Temperature (over volume)
 Helium      4.111  4.121  4.159
 Carbon      4.108  4.113  4.124  4.167  4.240
 Nitrogen    4.107  4.112  4.127  4.168  4.242  4.339
 Oxygen      4.108  4.112  4.131  4.191  4.269
 Neon        4.108  4.113  4.124  4.192  4.302
 Magnesium   4.112  4.113  4.125  4.202
 Aluminium   4.116  4.118  4.128  4.158
 Silicon     4.110  4.113  4.123  4.148  4.214
 Phosphorus  4.112  4.114  4.124  4.150  4.210  4.271
 Sulphur     4.108  4.113  4.123  4.158  4.211  4.266  4.327
 Chlorine    4.110  4.113  4.124  4.160  4.223  4.285  4.339
 Argon       4.107  4.112  4.121  4.162  4.231  4.299  4.335
 Iron        4.110  4.109  4.115  4.136  4.193  4.267  4.325

               1      2      3      4      5      6      7      8      9     10     11     12     13     14     15     16     17

 Hydrogen    4.121  4.160  4.107 (H2)                 Log10 Mean Temperature (over radius)
 Helium      4.121  4.151  4.242
 Carbon      4.113  4.124  4.154  4.232  4.300
 Nitrogen    4.111  4.120  4.155  4.233  4.306  4.340
 Oxygen      4.112  4.121  4.168  4.263  4.312
 Neon        4.112  4.123  4.164  4.286  4.320
 Magnesium   4.120  4.123  4.167  4.302
 Aluminium   4.126  4.133  4.156  4.212
 Silicon     4.117  4.125  4.148  4.196  4.255
 Phosphorus  4.119  4.124  4.149  4.203  4.272  4.310
 Sulphur     4.113  4.122  4.147  4.206  4.264  4.310  4.331
 Chlorine    4.117  4.124  4.151  4.218  4.283  4.317  4.340
 Argon       4.112  4.121  4.146  4.223  4.296  4.322  4.336
 Iron        4.115  4.114  4.127  4.176  4.263  4.311  4.330

 Hydrogen    4.112  4.122  4.105 (H2)          Log10 Mean Temperature (over volume*electron density)
 Helium      4.111  4.121  4.160
 Carbon      4.108  4.113  4.125  4.168  4.241
 Nitrogen    4.107  4.112  4.127  4.168  4.242  4.339
 Oxygen      4.108  4.112  4.132  4.191  4.270
 Neon        4.108  4.113  4.125  4.193  4.302
 Magnesium   4.112  4.113  4.125  4.203
 Aluminium   4.116  4.118  4.129  4.158
 Silicon     4.110  4.113  4.123  4.149  4.215
 Phosphorus  4.112  4.114  4.124  4.150  4.211  4.272
 Sulphur     4.108  4.113  4.123  4.158  4.212  4.267  4.327
 Chlorine    4.110  4.113  4.124  4.160  4.224  4.286  4.339
 Argon       4.107  4.112  4.121  4.163  4.232  4.299  4.335
 Iron        4.110  4.109  4.115  4.136  4.194  4.268  4.325

               1      2      3      4      5      6      7      8      9     10     11     12     13     14     15     16     17

 Hydrogen    4.121  4.161  4.107 (H2)         Log10 Mean Temperature (over radius*electron density)
 Helium      4.121  4.151  4.244
 Carbon      4.113  4.124  4.154  4.233  4.300
 Nitrogen    4.111  4.120  4.156  4.234  4.306  4.340
 Oxygen      4.112  4.121  4.169  4.264  4.312
 Neon        4.112  4.124  4.165  4.287  4.320
 Magnesium   4.120  4.124  4.168  4.303
 Aluminium   4.126  4.133  4.156  4.213
 Silicon     4.117  4.125  4.149  4.196  4.256
 Phosphorus  4.119  4.124  4.150  4.204  4.272  4.311
 Sulphur     4.113  4.122  4.147  4.207  4.265  4.310  4.331
 Chlorine    4.117  4.124  4.151  4.219  4.284  4.317  4.340
 Argon       4.112  4.122  4.146  4.224  4.296  4.322  4.336
 Iron        4.115  4.114  4.127  4.177  4.264  4.312  4.330
 zng1: log U = 1  

 Cloudy ends: 135 zones,   3 iterations,  1 caution.  ExecTime(s) 46.15
 [Stop in maincl, Cloudy exited OK]
