                                                          Cloudy 08.01
                                                         www.nublado.org

                       **************************************08Aug18**************************************
                       *                                                                                 *
                       * title pg1630: hden = -1.0                                                       *
                       * init file="pg1630.ini"                                                          *
                       * CMB redshift .274                                                               *
                       * table read HM05 redshift .274                                                   *
                       * hden = -1.0                                                                     *
                       * metals -1.75  log                                                               *
                       * stop neutral column 16.98                                                       *
                       * iterate                                                                         *
                       * print last iteration                                                            *
                       *                                                                                 *
                       ***********************************************************************************



           3750CellPeak1.00E+00   Lo 1.00e-08=910.45cm   Hi-Con:5.88E+05 Ryd   E(hi):7.35E+06Ryd     E(hi):     100.01 MeV
           I(nu>1ryd):  -4.9187   Average nu:6.782E+00   I( X-ray):  -5.1332   I(BalC):  -3.9200     Phi(BalmrC):   7.1214
           phi(1.0-1.8): 4.7948   phi(1.8-4.0):  4.215   phi(4.0-20):  3.243   phi(20--):  3.022     Ion pht flx:8.157E+04
           I(gam ray):  -5.7559   phi(gam r):   0.7480   I(Infred):  -1.4806   Alf(ox):  -1.8683     Total inten:  -1.4788
           U(1.0----):2.721E-05   U(4.0----):9.353E-07   T(En-Den):3.478E+00   T(Comp):2.288E+04     nuJnu(912A):3.550E-06
           Occ(FarIR):2.080E+03   Occ(H n=6):1.188E-15   Occ(1Ryd):1.626E-22   Occ(4R):3.704E-26     Occ (Nu-hi):0.000E+00
           Tbr(FarIR):3.462E+00   Tbr(H n=6):5.209E-12   Tbr(1Ryd):2.571E-17   Tbr(4R):2.341E-20     Tbr (Nu-hi):0.000E+00
  
                                                  Gas Phase Chemical Composition
        H :  0.0000  He: -1.0000  C : -5.3608  N : -5.8201  O : -5.0598  Ne: -5.7500  Mg: -6.2097  Si: -6.2097  S : -6.4852
                                                            Fe: -6.2998
 
 ####  1  Te:1.083E+04 Hden:1.000E-01 Ne:9.351E-02 R:1.000E+30 R-R0:8.800E+15 dR:1.760E+16 NTR:  2 Htot:2.029E-26 T912: 1.50e-03###
 Hydrogen      1.35e-01 8.65e-01 H+o/Hden 1.00e+00 7.01e-09 H-    H2 2.31e-09 6.16e-10 H2+ HeH+ 9.77e-09 Ho+ ColD 2.38e+14 1.52e+15
 Helium        3.05e-01 6.92e-01 2.58e-03 He I2SP3 9.84e-11 Comp H,C 3.19e-32 1.51e-32 Fill Fac 1.00e+00 Gam1/tot 9.98e-01
 He singlet n  3.05e-01 2.01e-17 2.85e-23 1.02e-23 2.04e-23 1.44e-23 He tripl 9.84e-11 8.56e-22 2.18e-23 1.73e-22 4.03e-23
 Pressure      NgasTgas 2.20e+03 P(total) 3.04e-13 P( gas ) 3.04e-13 P(Radtn) 0.00e+00 Rad accl 1.47e-11 ForceMul 4.98e+01
               Texc(La) 2.58e+03 T(contn) 3.48e+00 T(diffs) 4.44e-02 nT (c+d) 8.51e+05 Prad/Gas 0.00e+00 Pmag/Gas 0.00e+00
 Lithium       0.00e+00 0.00e+00 0.00e+00 0.00e+00 Berylliu 0.00e+00 0.00e+00 0.00e+00 0.00e+00 0.00e+00 sec ion: 3.80e-19
 Carbon        1.80e-02 8.83e-01 9.87e-02 6.99e-06 0.00e+00 0.00e+00 0.00e+00 H2O+/O   0.00e+00 OH+/Otot 0.00e+00 Hex(tot) 0.00e+00
 Nitrogen      8.14e-02 9.14e-01 4.30e-03 1.83e-06 0.00e+00 0.00e+00 0.00e+00 0.00e+00 O2/Ototl 0.00e+00 O2+/Otot 0.00e+00
 Oxygen        1.61e-01 8.37e-01 2.26e-03 8.85e-07 0.00e+00 0.00e+00 0.00e+00 0.00e+00 0.00e+00
 Neon          7.51e-02 8.36e-01 8.89e-02 5.25e-06 0.00e+00 0.00e+00 0.00e+00 0.00e+00 0.00e+00 0.00e+00 0.00e+00
 Magnesium     4.06e-02 7.54e-01 2.05e-01 1.46e-05 0.00e+00 0.00e+00 0.00e+00 0.00e+00 0.00e+00 0.00e+00 0.00e+00 0.00e+00 0.00e+00
 Silicon    0  1.27e-03 8.84e-01 1.14e-01 3.47e-04 5.29e-06 0.00e+00 0.00e+00 0.00e+00 0.00e+00 0.00e+00 0.00e+00 0.00e+00 0.00e+00
 Sulphur    0  3.82e-03 8.22e-01 1.74e-01 6.83e-05 4.23e-06 2.16e-07 0.00e+00 0.00e+00 0.00e+00 0.00e+00 0.00e+00 0.00e+00 0.00e+00
 Iron       0  1.44e-04 6.00e-01 3.99e-01 5.83e-04 1.11e-05 1.50e-06 1.53e-07 1.58e-08 0.00e+00 0.00e+00 0.00e+00 0.00e+00 0.00e+00
 #### 13  Te:1.064E+04 Hden:1.000E-01 Ne:9.329E-02 R:1.000E+30 R-R0:7.075E+18 dR:3.409E+17 NTR:  5 Htot:1.658E-26 T912: 6.03e-01###
 Hydrogen      1.35e-01 8.65e-01 H+o/Hden 1.00e+00 7.00e-09 H-    H2 2.41e-09 6.31e-10 H2+ HeH+ 9.59e-09 Ho+ ColD 9.55e+16 6.29e+17
 Helium        3.21e-01 6.77e-01 2.48e-03 He I2SP3 9.70e-11 Comp H,C 3.18e-32 1.48e-32 Fill Fac 1.00e+00 Gam1/tot 9.98e-01
 He singlet n  3.21e-01 3.87e-17 4.35e-22 9.80e-24 3.42e-23 1.43e-23 He tripl 9.70e-11 8.45e-22 2.14e-23 1.70e-22 3.99e-23
 Pressure      NgasTgas 2.16e+03 P(total) 2.99e-13 P( gas ) 2.99e-13 P(Radtn) 6.78e-18 Rad accl 1.13e-11 ForceMul 3.84e+01
               Texc(La) 2.77e+03 T(contn) 3.48e+00 T(diffs) 1.88e-01 nT (c+d) 8.86e+05 Prad/Gas 2.27e-05 Pmag/Gas 0.00e+00
 Lithium       0.00e+00 0.00e+00 0.00e+00 0.00e+00 Berylliu 0.00e+00 0.00e+00 0.00e+00 0.00e+00 0.00e+00 sec ion: 3.91e-19
 Carbon        1.93e-02 8.97e-01 8.39e-02 6.33e-06 0.00e+00 0.00e+00 0.00e+00 H2O+/O   0.00e+00 OH+/Otot 0.00e+00 Hex(tot) 0.00e+00
 Nitrogen      9.87e-02 8.98e-01 3.73e-03 1.77e-06 0.00e+00 0.00e+00 0.00e+00 0.00e+00 O2/Ototl 0.00e+00 O2+/Otot 0.00e+00
 Oxygen        1.61e-01 8.37e-01 2.09e-03 0.00e+00 0.00e+00 0.00e+00 0.00e+00 0.00e+00 0.00e+00
 Neon          8.79e-02 8.29e-01 8.28e-02 4.79e-06 0.00e+00 0.00e+00 0.00e+00 0.00e+00 0.00e+00 0.00e+00 0.00e+00
 Magnesium     4.13e-02 7.79e-01 1.80e-01 1.33e-05 0.00e+00 0.00e+00 0.00e+00 0.00e+00 0.00e+00 0.00e+00 0.00e+00 0.00e+00 0.00e+00
 Silicon    0  1.25e-03 8.87e-01 1.11e-01 3.37e-04 5.20e-06 0.00e+00 0.00e+00 0.00e+00 0.00e+00 0.00e+00 0.00e+00 0.00e+00 0.00e+00
 Sulphur    0  4.05e-03 8.44e-01 1.52e-01 6.54e-05 3.90e-06 0.00e+00 0.00e+00 0.00e+00 0.00e+00 0.00e+00 0.00e+00 0.00e+00 0.00e+00
 Iron       0  1.39e-04 6.08e-01 3.91e-01 5.23e-04 1.10e-05 1.48e-06 0.00e+00 0.00e+00 0.00e+00 0.00e+00 0.00e+00 0.00e+00 0.00e+00
    pg1630: hden = -1.0  
   Calculation stopped because H0 column dens reached. Iteration 2 of 2
   The geometry is plane-parallel.
  !AGE: Cloud age was not set.  Longest timescale was 4.71e+13 s = 1.49e+06 years.
  !The intensity of the incident radiation field is less than 10 times the Habing diffuse ISM field.  Is this OK?
  !   Consider adding diffuse ISM emission with TABLE ISM command.
  !The level2 lines are disabled.  UV pumping of excited levels within ground terms is not treated.
   Continuum fluorescent production of H-beta was significant.
   The density is too low to l-mix the lowest H  I collapsed level.  More resolved levels are needed for accurate line ratios.
   The density is too low to l-mix the lowest He I collapsed level.  More resolved levels are needed for accurate line ratios.
   The largest continuum occupation number was 2.080e+03 at 1.054e-08 Ryd.
   Grains were not present but might survive in this environment (energy density temperature was 3.48e+00K)

                       *********************************> Cloudy 08.01 <**********************************
                       * title pg1630: hden = -1.0                                                       *
                       * init file="pg1630.ini"                                                          *
                       * CMB redshift .274                                                               *
                       * table read HM05 redshift .274                                                   *
                       * hden = -1.0                                                                     *
                       * metals -1.75  log                                                               *
                       * stop neutral column 16.98                                                       *
                       * iterate                                                                         *
                       * print last iteration                                                            *
                       *********************************> Log(U): -4.57 <*********************************

                     Emission Line Spectrum.   Constant  Density Model.    Open geometry.  Iteration 2 of 2.
                                                    Intensity (erg/s/cm^2)
  

                                                   Intrinsic line intensities
 general properties..........      Ca A 1.570m -10.781   0.0023      H  1  9546A  -9.594   0.0356      He 1  3448A -10.796   0.0022            
 TOTL  4861A  -8.145   1.0000      Ca A 1.556m -10.866   0.0019      H  1  9229A  -9.749   0.0249      He 1  7065A  -9.907   0.0173            
 TOTL  1216A  -6.579  36.7677      Ca A 1.544m -10.945   0.0016      H  1  9015A  -9.888   0.0181      He 1  5876A  -9.145   0.1000            
 Inci     0   -1.4794635406.5      Ca A 1.534m -11.020   0.0013      H  1 4.051m  -9.229   0.0824      He 1  4713A -10.566   0.0038            
 TotH     0   -6.886  18.1582      Ca A 1.526m -11.091   0.0011      H  1 2.625m  -9.505   0.0437      He 1  4471A  -9.579   0.0368            
 TotC     0   -6.886  18.1562      Ca A 7.458m  -9.785   0.0229      H  1 2.166m  -9.722   0.0265      He 1  4121A -10.987   0.0014            
 BFH1     0   -6.951  15.6428      Ca A 4.653m  -9.984   0.0145      H  1 1.945m  -9.905   0.0174      He 1  4026A  -9.903   0.0174            
 BFHe     0   -7.749   2.4902      Ca A 3.740m -10.167   0.0095      H  1 1.817m -10.063   0.0121      He 1  3820A -10.163   0.0096            
 TotM     0  -10.692   0.0028      Ca A 3.296m -10.327   0.0066      H  1 1.736m -10.203   0.0087      He 1  7281A -10.413   0.0054            
 CT H     0   -9.831   0.0206      Ca A 3.038m -10.470   0.0047      H  1 7.458m  -9.705   0.0275      He 1  6678A  -9.690   0.0285            
 H FB     0   -7.675   2.9539      Ca A 2.872m -10.598   0.0035      H  1 4.653m  -9.950   0.0157      He 1  5048A -10.962   0.0015            
 HFBc     0   -7.675   2.9539      Ca A 2.758m -10.714   0.0027      H  1 3.740m -10.142   0.0101      He 1  4922A -10.145   0.0100            
 continua....................      Ca A 2.674m -10.821   0.0021      H  1 3.296m -10.303   0.0070      He 1  4388A -10.476   0.0047            
 Bac   3646A  -6.989  14.3290      Ca A 2.612m -10.919   0.0017      H  1 3.038m -10.445   0.0050      He 1  4144A -10.734   0.0026            
 cout  3646A  -7.290   7.1645      Ca A 2.564m -11.010   0.0014      H  1 12.37m -10.101   0.0111      He 1 1.253m -11.108   0.0011            
 cref  3646A  -7.290   7.1645      Ca A 2.525m -11.095   0.0011      H  1 7.500m -10.320   0.0067      He 1 1.700m -10.730   0.0026            
 thin  3646A  -6.989  14.3290      Ca A 12.37m -10.202   0.0088      H  1 5.907m -10.496   0.0045      He 1 1.197m -10.900   0.0018            
 Inci  4860A  -4.09811150.091      Ca A 7.500m -10.362   0.0061      H  1 5.127m -10.643   0.0032      He 1 1.031m -11.103   0.0011            
 Inci  1215A  -4.2537797.5103      Ca A 5.907m -10.519   0.0042      H  1 19.06m -10.440   0.0051      He 1 1.869m -10.006   0.0138            
 Ba C     0   -7.627   3.2990      Ca A 5.127m -10.662   0.0030      H  1 11.31m -10.636   0.0032      He 1 1.278m -10.390   0.0057            
 PA C     0   -8.046   1.2558      Ca A 4.671m -10.790   0.0023      H  1 8.758m -10.802   0.0022      He 1 1.091m -10.678   0.0029            
 FIR  83.00m  -2.974148329.11      Ca A 4.375m -10.907   0.0017      H  1 27.80m -10.737   0.0026      He 1 1.870m -10.483   0.0046            
 TIR   1800m  -1.5304121022.5      Ca A 4.170m -11.013   0.0014      H  1 16.20m -10.908   0.0017      He 1 1.279m -10.867   0.0019            
 NIRa 2.850m  -4.1559765.2002      Ca A 4.020m -11.112   0.0011      H  1 38.86m -11.004   0.0014      He 1 4.037m -11.137   0.0010            
 NIRb 3.000m  -4.3755881.4648      Ca A 19.06m -10.563   0.0038      Ca A 303.8A  -8.942   0.1597      He 1 4.048m -10.660   0.0031            
 MIRa 15.00m  -5.218 845.4404      Ca A 11.31m -10.695   0.0028      Ca A 256.3A  -9.670   0.0298      He 1 2.623m -11.009   0.0014            
 MIRb 22.50m  -5.153 982.4272      Ca A 8.758m -10.832   0.0021      Ca A 243.0A -10.102   0.0110      He 1 4.048m -11.137   0.0010            
 NMIR 21.75m  -4.1559765.2002      Ca A 7.506m -10.958   0.0015      Ca A 237.3A -10.411   0.0054      Pho+  3889A  -8.632   0.3256            
 TFIR 611.2m  -1.8312061077.9      Ca A 6.770m -11.075   0.0012      Ca A 234.4A -10.653   0.0031      level 1 lines...............            
 TALL 10000A  -1.4804621432.0      Ca A 27.80m -10.881   0.0018      Ca A 232.6A -10.853   0.0020      C  1  1656A -10.830   0.0021            
 F12  12.00m  -5.748 249.5130      Ca A 16.20m -10.991   0.0014      Ca A 231.5A -11.024   0.0013      C Ic  9850A -10.440   0.0051            
 F25  25.00m  -5.972 149.0302      Ca A 12.38m -11.111   0.0011      Ca A  1640A  -9.932   0.0163      TOTL  9850A -10.440   0.0051            
 F60  60.00m  -5.978 146.9949      Ca B  6563A  -7.710   2.7233      Ca A  1215A -10.458   0.0049      C  2 157.6m  -9.523   0.0418            
 F100 100.0m  -6.405  54.9600      Ca B  4861A  -8.165   0.9557      Ca A  1085A -10.810   0.0022      TOTL  2326A  -9.611   0.0342            
 PAH  3.300m  -6.342  63.5838      Ca B  4340A  -8.493   0.4484      Ca A  1025A -11.075   0.0012      C  2  2325A -10.460   0.0048            
 PAHC 3.200m  -6.323  66.3519      Ca B  4102A  -8.750   0.2481      Ca A  4686A -10.642   0.0032      C  2  2324A -10.895   0.0018            
 PAH  6.200m  -6.294  70.9615      Ca B  3970A  -8.962   0.1524      Ca A  3203A -11.041   0.0013      C  2  2329A -10.441   0.0051            
 PAHC 5.650m  -6.240  80.2754      Ca B  3889A  -9.142   0.1006      Ca B  1640A  -9.800   0.0221      C  2  2328A -10.033   0.0130            
 PAH  7.900m  -6.269  75.1448      Ca B  3835A  -9.299   0.0701      Ca B  1215A -10.315   0.0068      C  2  2327A -10.163   0.0096            
 PAHC 6.900m  -6.130 103.4415      Ca B  3798A  -9.439   0.0508      Ca B  1085A -10.665   0.0030      C  2  1335A  -9.515   0.0426            
 PAH  11.30m  -6.971  14.9121      Ca B  3771A  -9.565   0.0380      Ca B  1025A -10.930   0.0016      C  3 977.0A -10.772   0.0024            
 PAHC 10.90m  -6.902  17.5008      Ca B  3750A  -9.679   0.0292      Ca B 992.4A -11.144   0.0010      TOTL  1909A -10.662   0.0030            
 PAH  11.80m  -6.791  22.6080      Ca B  3734A  -9.784   0.0230      Ca B  4686A -10.616   0.0034      C  3  1910A -11.065   0.0012            
 PAHC 12.65m  -6.804  21.9253      Ca B  3722A  -9.881   0.0184      Ca B  3203A -11.004   0.0014      C  3  1907A -10.880   0.0018            
 PAH  13.30m  -6.779  23.2481      Ca B  3712A  -9.971   0.0149      He 2     0   -9.326   0.0660      N 1c  5200A -10.855   0.0020            
 PAHC 14.10m  -6.828  20.7515      Ca B  3704A -10.055   0.0123      He 2 303.8A  -9.087   0.1142      N 1c  5198A -10.701   0.0028            
 Bcon  3640A  -3.91816842.887      Ca B  3697A -10.133   0.0103      He 2 256.3A -10.608   0.0034      N  1  5200A -10.854   0.0020            
 Pcon  5000A  -4.2138543.9072      Ca B  3692A -10.207   0.0087      He 2 243.0A -10.771   0.0024      N  1  5198A -10.700   0.0028            
 HFFc     0   -7.929   1.6456      Ca B  3687A -10.277   0.0074      He 2 237.3A -10.882   0.0018      TOTL  5199A -10.469   0.0047            
 H FF     0   -7.964   1.5182      Ca B  3683A -10.344   0.0063      He 2 234.4A -10.950   0.0016      N1 o  5200A -10.507   0.0043            
 HeFF     0   -9.060   0.1215      Ca B  3679A -10.406   0.0055      He 2 232.6A -10.993   0.0014      Colo  5200A -10.508   0.0043            
 ToFF     0   -7.930   1.6397      Ca B  3676A -10.466   0.0048      He 2 231.5A -11.032   0.0013      N  1  1200A -10.739   0.0025            
 grains......................      Ca B  3674A -10.523   0.0042      He 2 230.7A -11.069   0.0012      N  2  6584A  -9.173   0.0938            
 H-like iso-sequence.........      Ca B  3671A -10.577   0.0037      He 2 230.2A -11.092   0.0011      N  2  6548A  -9.642   0.0318            
 Clin 912.0A  -7.077  11.6828      Ca B 1.875m  -8.643   0.3177      He 2  1640A  -9.785   0.0229      N  2  5755A -10.970   0.0015            
 Cool  1216A  -7.310   6.8391      Ca B 1.282m  -8.957   0.1541      He 2  1215A -10.309   0.0068      N  2 121.7m -10.470   0.0047            
 Crst 960.0A  -7.460   4.8442      Ca B 1.094m  -9.212   0.0856      He 2  1085A -10.646   0.0032      N  2 205.4m -10.299   0.0070            
 CION     0   -9.354   0.0618      Ca B 1.005m  -9.424   0.0526      He 2  1025A -10.901   0.0018      N  2  2141A -10.742   0.0025            
 Ca B  1216A  -6.628  32.8654      Ca B  9546A  -9.605   0.0347      He 2 992.4A -11.102   0.0011      N  2  1085A -10.469   0.0047            
 Q(H)  4861A  -7.410   5.4277      Ca B  9229A  -9.762   0.0241      He 2  4686A -10.590   0.0036      O  1  6300A -10.040   0.0127            
 Q(H)  1216A  -5.875 186.0711      Ca B  9015A  -9.902   0.0175      He 2  3203A -11.013   0.0014      O  1  6363A -10.536   0.0041            
 CaBo  4861A  -8.164   0.9563      Ca B  8863A -10.028   0.0131      He 2 1.012m -11.132   0.0010      O  1 63.17m -10.716   0.0027            
 CaBo  1640A  -9.803   0.0220      Ca B  8750A -10.142   0.0101      He-like iso-sequence........      TOTL  3727A  -8.635   0.3239            
 CaBo  4686A -10.631   0.0033      Ca B  8665A -10.247   0.0079      Ca A 584.3A  -8.229   0.8235      TOTL  7325A -10.334   0.0065            
 Ca A  1216A  -6.821  21.0715      Ca B  8598A -10.344   0.0063      Ca A  7281A -10.686   0.0029      O II  3729A  -8.857   0.1942            
 Ca A  1026A  -7.464   4.7969      Ca B  8545A -10.434   0.0051      Ca A  5048A -11.127   0.0010      O II  3726A  -9.033   0.1295            
 Ca A 972.5A  -7.874   1.8671      Ca B  8502A -10.518   0.0042      Ca B 584.3A -10.980   0.0015      O II  2471A -10.458   0.0049            
 Ca A 949.7A  -8.177   0.9282      Ca B  8467A -10.597   0.0035      +Col 584.3A -10.974   0.0015      O II  7323A -10.589   0.0036            
 Ca A 937.8A  -8.420   0.5314      Ca B  8438A -10.671   0.0030      Ca B 1.083m  -8.923   0.1667      O II  7332A -10.687   0.0029            
 Ca A 930.8A  -8.622   0.3335      Ca B  8413A -10.742   0.0025      +Col 1.083m  -8.923   0.1667      O  2 833.8A -10.604   0.0035            
 Ca A 926.2A  -8.796   0.2234      Ca B  8392A -10.808   0.0022      Ca B  3889A  -9.210   0.0861      Ne 2 12.81m -10.034   0.0129            
 Ca A 923.2A  -8.949   0.1572      Ca B  8374A -10.871   0.0019      +Col  3889A  -9.210   0.0861      Ne 3 15.55m -10.719   0.0027            
 Ca A 921.0A  -9.085   0.1148      Ca B  8359A -10.931   0.0016      Ca B  3188A  -9.607   0.0345      Ne 3  3869A -10.768   0.0024            
 Ca A 919.4A  -9.208   0.0864      Ca B  8346A -10.989   0.0014      +Col  3188A  -9.607   0.0345      Mg 1  2853A  -9.979   0.0147            
 Ca A 918.1A  -9.320   0.0668      Ca B  8334A -11.043   0.0013      Ca B  2945A  -9.926   0.0165      TOTL  2798A  -8.668   0.2997            
 Ca A 917.2A  -9.424   0.0526      Ca B 4.051m  -9.272   0.0747      +Col  2945A  -9.926   0.0165      Mg 2  2796A  -8.849   0.1978            
 Ca A 916.4A  -9.519   0.0422      Ca B 2.625m  -9.516   0.0426      Ca B 2.058m  -9.756   0.0245      Mg 2  2803A  -9.137   0.1019            
 Ca A 915.8A  -9.608   0.0344      Ca B 2.166m  -9.728   0.0261      +Col 2.058m  -9.756   0.0245      Si 2 34.81m  -9.309   0.0685            
 Ca A 915.3A  -9.691   0.0285      Ca B 1.945m  -9.910   0.0172      Ca B  5016A  -9.811   0.0216      TOTL  2335A -10.123   0.0105            
 Ca A 914.9A  -9.768   0.0238      Ca B 1.817m -10.069   0.0119      +Col  5016A  -9.811   0.0216      Si 2  2334A -10.914   0.0017            
 Ca A 914.6A  -9.841   0.0201      Ca B 1.736m -10.210   0.0086      Ca B  3965A -10.210   0.0086      Si 2  2350A -11.026   0.0013            
 Ca A 914.3A  -9.910   0.0172      Ca B 1.681m -10.337   0.0064      +Col  3965A -10.210   0.0086      Si 2  2344A -10.498   0.0044            
 Ca A 914.0A  -9.974   0.0148      Ca B 1.641m -10.452   0.0049      Ca B  3614A -10.518   0.0042      Si 2  2336A -10.666   0.0030            
 Ca A 913.8A -10.035   0.0129      Ca B 1.611m -10.557   0.0039      +Col  3614A -10.518   0.0042      Si 2  1814A -10.329   0.0065            
 Ca A 913.6A -10.092   0.0113      Ca B 1.588m -10.654   0.0031      Ca B  7065A  -9.890   0.0180      Si 2  1531A -10.159   0.0097            
 Ca A 913.5A -10.145   0.0100      Ca B 1.570m -10.745   0.0025      +Col  7065A  -9.890   0.0180      Si 2  1308A -10.562   0.0038            
 Ca A 913.3A -10.195   0.0089      Ca B 1.556m -10.829   0.0021      Ca B  5876A  -9.150   0.0989      Si 2  1263A  -9.544   0.0399            
 Ca A  6563A  -7.894   1.7802      Ca B 1.544m -10.908   0.0017      +Col  5876A  -9.150   0.0989      Si 3  1207A -10.428   0.0052            
 Ca A  4861A  -8.342   0.6352      Ca B 1.534m -10.983   0.0015      Ca B  4713A -10.538   0.0040      TOTL  1888A -10.723   0.0026            
 Ca A  4340A  -8.666   0.3015      Ca B 1.526m -11.054   0.0012      +Col  4713A -10.538   0.0040      Si 3  1883A -10.925   0.0017            
 Ca A  4102A  -8.919   0.1682      Ca B 1.519m -11.120   0.0011      Ca B  4471A  -9.577   0.0370      S  2  6720A  -8.938   0.1609            
 Ca A  3970A  -9.128   0.1040      Ca B 7.458m  -9.771   0.0237      +Col  4471A  -9.577   0.0370      S  2  4074A -10.044   0.0126            
 Ca A  3889A  -9.306   0.0690      Ca B 4.653m  -9.966   0.0151      Ca B  4121A -10.952   0.0016      S  2 1.033m -10.218   0.0085            
 Ca A  3835A  -9.461   0.0483      Ca B 3.740m -10.147   0.0100      +Col  4121A -10.952   0.0016      S II  6731A  -9.324   0.0662            
 Ca A  3798A  -9.599   0.0351      Ca B 3.296m -10.306   0.0069      Ca B  4026A  -9.898   0.0177      S II  6716A  -9.169   0.0947            
 Ca A  3771A  -9.724   0.0264      Ca B 3.038m -10.448   0.0050      +Col  4026A  -9.898   0.0177      S II  4070A -10.167   0.0095            
 Ca A  3750A  -9.837   0.0203      Ca B 2.872m -10.576   0.0037      Ca B  7281A -10.411   0.0054      S II  4078A -10.652   0.0031            
 Ca A  3734A  -9.941   0.0160      Ca B 2.758m -10.691   0.0028      +Col  7281A -10.411   0.0054      S II 1.032m -10.670   0.0030            
 Ca A  3722A -10.037   0.0128      Ca B 2.674m -10.797   0.0022      Ca B  6678A  -9.697   0.0281      S II 1.029m -10.799   0.0022            
 Ca A  3712A -10.126   0.0104      Ca B 2.612m -10.895   0.0018      +Col  6678A  -9.697   0.0281      S II 1.037m -11.122   0.0011            
 Ca A  3704A -10.210   0.0086      Ca B 2.564m -10.986   0.0014      Ca B  5048A -10.967   0.0015      S II 1.034m -10.802   0.0022            
 Ca A  3697A -10.288   0.0072      Ca B 2.525m -11.071   0.0012      +Col  5048A -10.967   0.0015      S  3 18.67m -10.428   0.0052            
 Ca A  3692A -10.362   0.0061      Ca B 12.37m -10.189   0.0090      Ca B  4922A -10.146   0.0100      S  3 33.47m -10.058   0.0122            
 Ca A  3687A -10.432   0.0052      Ca B 7.500m -10.349   0.0062      +Col  4922A -10.146   0.0100      S  3  9532A -10.083   0.0115            
 Ca A  3683A -10.498   0.0044      Ca B 5.907m -10.505   0.0044      Ca B  4388A -10.476   0.0047      S  3  9069A -10.477   0.0047            
 Ca A  3679A -10.561   0.0038      Ca B 5.127m -10.647   0.0032      +Col  4388A -10.476   0.0047      Fe2c     0   -8.555   0.3888            
 Ca A  3676A -10.622   0.0033      Ca B 4.671m -10.774   0.0023      Ca B 1.253m -11.101   0.0011      Fe 2  4300A  -9.447   0.0498            
 Ca A  3674A -10.679   0.0029      Ca B 4.375m -10.890   0.0018      +Col 1.253m -11.101   0.0011      Fe 2  2400A  -8.952   0.1561            
 Ca A  3671A -10.734   0.0026      Ca B 4.170m -10.997   0.0014      Ca B 1.700m -10.728   0.0026      Fe 2 1.534m -11.015   0.0013            
 Ca A 1.875m  -8.691   0.2843      Ca B 4.020m -11.095   0.0011      +Col 1.700m -10.728   0.0026      Fe 2 1.644m  -9.494   0.0447            
 Ca A 1.282m  -9.015   0.1348      Ca B 19.06m -10.551   0.0039      Ca B 1.197m -10.894   0.0018      Fe 2 1.295m -11.139   0.0010            
 Ca A 1.094m  -9.274   0.0742      Ca B 11.31m -10.684   0.0029      +Col 1.197m -10.894   0.0018      Fe 2 1.257m  -9.479   0.0464            
 Ca A 1.005m  -9.488   0.0454      Ca B 8.758m -10.820   0.0021      Ca B 1.869m -10.019   0.0134      Fe 2 1.321m -10.059   0.0122            
 Ca A  9546A  -9.669   0.0299      Ca B 7.506m -10.946   0.0016      +Col 1.869m -10.019   0.0134      Fe 2 25.99m  -9.931   0.0164            
 Ca A  9229A  -9.827   0.0208      Ca B 6.770m -11.062   0.0012      Ca B 1.278m -10.397   0.0056      Fe 2 35.35m -10.531   0.0041            
 Ca A  9015A  -9.967   0.0151      Ca B 27.80m -10.870   0.0019      +Col 1.278m -10.397   0.0056      Fe 2 17.94m -10.460   0.0048            
 Ca A  8863A -10.093   0.0113      Ca B 16.20m -10.981   0.0015      Ca B 1.870m -10.496   0.0045      Fe 2 1.810m -10.192   0.0090            
 Ca A  8750A -10.208   0.0087      Ca B 12.38m -11.101   0.0011      +Col 1.870m -10.496   0.0045      Fe 2  8617A -10.406   0.0055            
 Ca A  8665A -10.312   0.0068      H  1     0   -6.951  15.6318      Ca B 1.279m -10.874   0.0019      Fe 2  8892A -10.856   0.0019            
 Ca A  8598A -10.409   0.0054      H  1  1216A  -6.579  36.7677      +Col 1.279m -10.874   0.0019      Fe 2  9227A -11.106   0.0011            
 Ca A  8545A -10.499   0.0044      H  1  1026A  -8.509   0.4320      He 1     0   -8.303   0.6942      Fe 2  1786A  -9.283   0.0727            
 Ca A  8502A -10.583   0.0036      H  1 972.5A  -8.979   0.1466      He 1 625.6A  -7.536   4.0591      Fe3c     0   -9.743   0.0252            
 Ca A  8467A -10.662   0.0030      H  1 949.7A  -9.166   0.0953      He 1 584.3A  -8.596   0.3543      Fe 3 22.92m -10.302   0.0070            
 Ca A  8438A -10.737   0.0026      H  1 937.8A  -9.232   0.0818      He 1 537.0A  -9.428   0.0521      Fe 3 33.03m -10.867   0.0019            
 Ca A  8413A -10.807   0.0022      H  1 930.8A  -9.302   0.0696      He 1 522.2A  -9.559   0.0385      Fe 3  5271A -10.647   0.0031            
 Ca A  8392A -10.873   0.0019      H  1 926.2A  -9.344   0.0632      He 1 515.6A  -9.649   0.0314      Fe 3  4659A -10.373   0.0059            
 Ca A  8374A -10.937   0.0016      H  1 923.2A  -9.365   0.0602      He 1 512.1A  -9.709   0.0273      Fe 3  4755A -11.111   0.0011            
 Ca A  8359A -10.998   0.0014      H  1 921.0A  -9.404   0.0551      TOTL 1.083m  -8.930   0.1641      Fe 3  4702A -10.904   0.0017            
 Ca A  8346A -11.055   0.0012      H  1  6563A  -7.674   2.9595      He 1 1.083m  -8.930   0.1641      recombination...............            
 Ca A  8334A -11.111   0.0011      H  1  4861A  -8.145   1.0000      He 1 1.083m  -9.884   0.0182      level2 lines................            
 Ca A 4.051m  -9.294   0.0709      H  1  4340A  -8.474   0.4687      He 1 1.083m  -9.407   0.0547      hyperfine structure.........            
 Ca A 2.625m  -9.544   0.0399      H  1  4102A  -8.729   0.2608      He 1 1.083m  -9.185   0.0912      database lines..............            
 Ca A 2.166m  -9.759   0.0243      H  1  3970A  -8.939   0.1607      He 1  3889A  -9.216   0.0849      inner shell.................            
 Ca A 1.945m  -9.943   0.0159      H  1  3889A  -9.116   0.1070      He 1  3188A  -9.613   0.0340      molecules...................            
 Ca A 1.817m -10.103   0.0110      H  1  3835A  -9.267   0.0755      He 1  2945A  -9.933   0.0163      H-FB     0  -10.120   0.0106            
 Ca A 1.736m -10.245   0.0079      H  1  3798A  -9.404   0.0550      He 1  2829A -10.189   0.0090      H-FF     0  -10.374   0.0059            
 Ca A 1.681m -10.372   0.0059      H  1 1.875m  -8.615   0.3385      He 1 2.058m -10.220   0.0084      H-CT  6563A -10.335   0.0065            
 Ca A 1.641m -10.487   0.0045      H  1 1.282m  -8.948   0.1573      He 1  5016A  -9.851   0.0197      H- H     0  -10.895   0.0018            
 Ca A 1.611m -10.593   0.0036      H  1 1.094m  -9.202   0.0876      He 1  3965A -10.236   0.0081      H2+      0  -10.498   0.0044            
 Ca A 1.588m -10.691   0.0028      H  1 1.005m  -9.414   0.0538      He 1  3614A -10.544   0.0040            

                                                    Emergent line intensities
 general properties..........      Ca A 2.872m -10.598   0.0035      H  1 2.166m  -9.722   0.0265      He 1  7065A  -9.907   0.0173            
 TOTL  4861A  -8.145   1.0000      Ca A 2.758m -10.714   0.0027      H  1 1.945m  -9.905   0.0174      He 1  5876A  -9.145   0.1000            
 TOTL  1216A  -6.579  36.7677      Ca A 2.674m -10.821   0.0021      H  1 1.817m -10.063   0.0121      He 1  4713A -10.566   0.0038            
 continua....................      Ca A 2.612m -10.919   0.0017      H  1 1.736m -10.203   0.0087      He 1  4471A  -9.579   0.0368            
 Bac   3646A  -6.989  14.3290      Ca A 2.564m -11.010   0.0014      H  1 7.458m  -9.705   0.0275      He 1  4121A -10.987   0.0014            
 cout  3646A  -7.290   7.1645      Ca A 2.525m -11.095   0.0011      H  1 4.653m  -9.950   0.0157      He 1  4026A  -9.903   0.0174            
 cref  3646A  -7.290   7.1645      Ca A 12.37m -10.202   0.0088      H  1 3.740m -10.142   0.0101      He 1  3820A -10.163   0.0096            
 thin  3646A  -6.989  14.3290      Ca A 7.500m -10.362   0.0061      H  1 3.296m -10.303   0.0070      He 1  7281A -10.413   0.0054            
 Inci  4860A  -4.09811150.104      Ca A 5.907m -10.519   0.0042      H  1 3.038m -10.445   0.0050      He 1  6678A  -9.690   0.0285            
 Inci  1215A  -4.2537797.5190      Ca A 5.127m -10.662   0.0030      H  1 12.37m -10.101   0.0111      He 1  5048A -10.962   0.0015            
 FIR  83.00m  -2.974148329.28      Ca A 4.671m -10.790   0.0023      H  1 7.500m -10.320   0.0067      He 1  4922A -10.145   0.0100            
 TIR   1800m  -1.5304121027.0      Ca A 4.375m -10.907   0.0017      H  1 5.907m -10.496   0.0045      He 1  4388A -10.476   0.0047            
 NIRa 2.850m  -4.1559765.2119      Ca A 4.170m -11.013   0.0014      H  1 5.127m -10.643   0.0032      He 1  4144A -10.734   0.0026            
 NIRb 3.000m  -4.3755881.4717      Ca A 4.020m -11.112   0.0011      H  1 19.06m -10.440   0.0051      He 1 1.253m -11.108   0.0011            
 MIRa 15.00m  -5.218 845.4413      Ca A 19.06m -10.563   0.0038      H  1 11.31m -10.636   0.0032      He 1 1.700m -10.730   0.0026            
 MIRb 22.50m  -5.153 982.4283      Ca A 11.31m -10.695   0.0028      H  1 8.758m -10.802   0.0022      He 1 1.197m -10.900   0.0018            
 NMIR 21.75m  -4.1559765.2119      Ca A 8.758m -10.832   0.0021      H  1 27.80m -10.737   0.0026      He 1 1.031m -11.103   0.0011            
 TFIR 611.2m  -1.8312061080.2      Ca A 7.506m -10.958   0.0015      H  1 16.20m -10.908   0.0017      He 1 1.869m -10.006   0.0138            
 TALL 10000A  -1.4804621431.0      Ca A 6.770m -11.075   0.0012      H  1 38.86m -11.004   0.0014      He 1 1.278m -10.390   0.0057            
 F12  12.00m  -5.748 249.5133      Ca A 27.80m -10.881   0.0018      Ca A 303.8A  -9.016   0.1345      He 1 1.091m -10.678   0.0029            
 F25  25.00m  -5.972 149.0304      Ca A 16.20m -10.991   0.0014      Ca A 256.3A  -9.725   0.0263      He 1 1.870m -10.483   0.0046            
 F60  60.00m  -5.978 146.9950      Ca A 12.38m -11.111   0.0011      Ca A 243.0A -10.153   0.0098      He 1 1.279m -10.867   0.0019            
 F100 100.0m  -6.405  54.9601      Ca B  6563A  -7.710   2.7233      Ca A 237.3A -10.459   0.0048      He 1 4.037m -11.137   0.0010            
 PAH  3.300m  -6.342  63.5839      Ca B  4861A  -8.165   0.9557      Ca A 234.4A -10.700   0.0028      He 1 4.048m -10.660   0.0031            
 PAHC 3.200m  -6.323  66.3519      Ca B  4340A  -8.493   0.4484      Ca A 232.6A -10.900   0.0018      He 1 2.623m -11.009   0.0014            
 PAH  6.200m  -6.294  70.9616      Ca B  4102A  -8.750   0.2481      Ca A 231.5A -11.070   0.0012      He 1 4.048m -11.137   0.0010            
 PAHC 5.650m  -6.240  80.2755      Ca B  3970A  -8.962   0.1524      Ca A  1640A  -9.932   0.0163      Pho+  3889A  -8.632   0.3256            
 PAH  7.900m  -6.269  75.1449      Ca B  3889A  -9.142   0.1006      Ca A  1215A -10.458   0.0049      level 1 lines...............            
 PAHC 6.900m  -6.130 103.4416      Ca B  3835A  -9.299   0.0701      Ca A  1085A -10.810   0.0022      C  1  1656A -10.830   0.0021            
 PAH  11.30m  -6.971  14.9121      Ca B  3798A  -9.439   0.0508      Ca A  1025A -11.075   0.0012      C Ic  9850A -10.440   0.0051            
 PAHC 10.90m  -6.902  17.5008      Ca B  3771A  -9.565   0.0380      Ca A  4686A -10.642   0.0032      TOTL  9850A -10.440   0.0051            
 PAH  11.80m  -6.791  22.6080      Ca B  3750A  -9.679   0.0292      Ca A  3203A -11.041   0.0013      C  2 157.6m  -9.523   0.0418            
 PAHC 12.65m  -6.804  21.9254      Ca B  3734A  -9.784   0.0230      Ca B  1640A  -9.800   0.0221      TOTL  2326A  -9.611   0.0342            
 PAH  13.30m  -6.779  23.2481      Ca B  3722A  -9.881   0.0184      Ca B  1215A -10.315   0.0068      C  2  2325A -10.460   0.0048            
 PAHC 14.10m  -6.828  20.7515      Ca B  3712A  -9.971   0.0149      Ca B  1085A -10.665   0.0030      C  2  2324A -10.895   0.0018            
 Bcon  3640A  -3.91816842.900      Ca B  3704A -10.055   0.0123      Ca B  1025A -10.930   0.0016      C  2  2329A -10.441   0.0051            
 Pcon  5000A  -4.2138543.9072      Ca B  3697A -10.133   0.0103      Ca B 992.4A -11.144   0.0010      C  2  2328A -10.033   0.0130            
 grains......................      Ca B  3692A -10.207   0.0087      Ca B  4686A -10.616   0.0034      C  2  2327A -10.163   0.0096            
 H-like iso-sequence.........      Ca B  3687A -10.277   0.0074      Ca B  3203A -11.004   0.0014      C  2  1335A  -9.515   0.0426            
 Clin 912.0A  -7.077  11.6828      Ca B  3683A -10.344   0.0063      He 2 303.8A  -9.130   0.1035      C  3 977.0A -10.772   0.0024            
 Cool  1216A  -7.310   6.8391      Ca B  3679A -10.406   0.0055      He 2 256.3A -10.617   0.0034      TOTL  1909A -10.662   0.0030            
 Crst 960.0A  -7.460   4.8442      Ca B  3676A -10.466   0.0048      He 2 243.0A -10.782   0.0023      C  3  1910A -11.065   0.0012            
 Ca B  1216A  -6.628  32.8655      Ca B  3674A -10.523   0.0042      He 2 237.3A -10.896   0.0018      C  3  1907A -10.880   0.0018            
 Q(H)  4861A  -7.410   5.4277      Ca B  3671A -10.577   0.0037      He 2 234.4A -10.967   0.0015      N 1c  5200A -10.855   0.0020            
 Q(H)  1216A  -5.875 186.0713      Ca B 1.875m  -8.643   0.3177      He 2 232.6A -11.013   0.0014      N 1c  5198A -10.701   0.0028            
 CaBo  4861A  -8.164   0.9563      Ca B 1.282m  -8.957   0.1541      He 2 231.5A -11.055   0.0012      N  1  5200A -10.854   0.0020            
 CaBo  1640A  -9.803   0.0220      Ca B 1.094m  -9.212   0.0856      He 2 230.7A -11.094   0.0011      N  1  5198A -10.700   0.0028            
 CaBo  4686A -10.631   0.0033      Ca B 1.005m  -9.424   0.0526      He 2 230.2A -11.120   0.0011      TOTL  5199A -10.469   0.0047            
 Ca A  1216A  -6.821  21.0715      Ca B  9546A  -9.605   0.0347      He 2  1640A  -9.785   0.0229      N1 o  5200A -10.507   0.0043            
 Ca A  1026A  -7.464   4.7969      Ca B  9229A  -9.762   0.0241      He 2  1215A -10.309   0.0068      Colo  5200A -10.508   0.0043            
 Ca A 972.5A  -7.874   1.8671      Ca B  9015A  -9.902   0.0175      He 2  1085A -10.646   0.0032      N  1  1200A -10.739   0.0025            
 Ca A 949.7A  -8.177   0.9282      Ca B  8863A -10.028   0.0131      He 2  1025A -10.901   0.0018      N  2  6584A  -9.173   0.0938            
 Ca A 937.8A  -8.420   0.5314      Ca B  8750A -10.142   0.0101      He 2 992.4A -11.102   0.0011      N  2  6548A  -9.642   0.0318            
 Ca A 930.8A  -8.622   0.3335      Ca B  8665A -10.247   0.0079      He 2  4686A -10.590   0.0036      N  2  5755A -10.970   0.0015            
 Ca A 926.2A  -8.796   0.2234      Ca B  8598A -10.344   0.0063      He 2  3203A -11.013   0.0014      N  2 121.7m -10.470   0.0047            
 Ca A 923.2A  -8.949   0.1572      Ca B  8545A -10.434   0.0051      He 2 1.012m -11.132   0.0010      N  2 205.4m -10.299   0.0070            
 Ca A 921.0A  -9.085   0.1148      Ca B  8502A -10.518   0.0042      He-like iso-sequence........      N  2  2141A -10.742   0.0025            
 Ca A 919.4A  -9.208   0.0864      Ca B  8467A -10.597   0.0035      Ca A 584.3A  -8.229   0.8235      N  2  1085A -10.469   0.0047            
 Ca A 918.1A  -9.320   0.0668      Ca B  8438A -10.671   0.0030      Ca A  7281A -10.686   0.0029      O  1  6300A -10.040   0.0127            
 Ca A 917.2A  -9.424   0.0526      Ca B  8413A -10.742   0.0025      Ca A  5048A -11.127   0.0010      O  1  6363A -10.536   0.0041            
 Ca A 916.4A  -9.519   0.0422      Ca B  8392A -10.808   0.0022      Ca B 584.3A -10.980   0.0015      O  1 63.17m -10.716   0.0027            
 Ca A 915.8A  -9.608   0.0344      Ca B  8374A -10.871   0.0019      +Col 584.3A -10.974   0.0015      TOTL  3727A  -8.635   0.3239            
 Ca A 915.3A  -9.691   0.0285      Ca B  8359A -10.931   0.0016      Ca B 1.083m  -8.923   0.1667      TOTL  7325A -10.334   0.0065            
 Ca A 914.9A  -9.768   0.0238      Ca B  8346A -10.989   0.0014      +Col 1.083m  -8.923   0.1667      O II  3729A  -8.857   0.1942            
 Ca A 914.6A  -9.841   0.0201      Ca B  8334A -11.043   0.0013      Ca B  3889A  -9.210   0.0861      O II  3726A  -9.033   0.1295            
 Ca A 914.3A  -9.910   0.0172      Ca B 4.051m  -9.272   0.0747      +Col  3889A  -9.210   0.0861      O II  2471A -10.458   0.0049            
 Ca A 914.0A  -9.974   0.0148      Ca B 2.625m  -9.516   0.0426      Ca B  3188A  -9.607   0.0345      O II  7323A -10.589   0.0036            
 Ca A 913.8A -10.035   0.0129      Ca B 2.166m  -9.728   0.0261      +Col  3188A  -9.607   0.0345      O II  7332A -10.687   0.0029            
 Ca A 913.6A -10.092   0.0113      Ca B 1.945m  -9.910   0.0172      Ca B  2945A  -9.926   0.0165      O  2 833.8A -10.829   0.0021            
 Ca A 913.5A -10.145   0.0100      Ca B 1.817m -10.069   0.0119      +Col  2945A  -9.926   0.0165      Ne 2 12.81m -10.034   0.0129            
 Ca A 913.3A -10.195   0.0089      Ca B 1.736m -10.210   0.0086      Ca B 2.058m  -9.756   0.0245      Ne 3 15.55m -10.719   0.0027            
 Ca A  6563A  -7.894   1.7802      Ca B 1.681m -10.337   0.0064      +Col 2.058m  -9.756   0.0245      Ne 3  3869A -10.768   0.0024            
 Ca A  4861A  -8.342   0.6352      Ca B 1.641m -10.452   0.0049      Ca B  5016A  -9.811   0.0216      Mg 1  2853A  -9.979   0.0147            
 Ca A  4340A  -8.666   0.3015      Ca B 1.611m -10.557   0.0039      +Col  5016A  -9.811   0.0216      TOTL  2798A  -8.668   0.2997            
 Ca A  4102A  -8.919   0.1682      Ca B 1.588m -10.654   0.0031      Ca B  3965A -10.210   0.0086      Mg 2  2796A  -8.849   0.1978            
 Ca A  3970A  -9.128   0.1040      Ca B 1.570m -10.745   0.0025      +Col  3965A -10.210   0.0086      Mg 2  2803A  -9.137   0.1019            
 Ca A  3889A  -9.306   0.0690      Ca B 1.556m -10.829   0.0021      Ca B  3614A -10.518   0.0042      Si 2 34.81m  -9.309   0.0685            
 Ca A  3835A  -9.461   0.0483      Ca B 1.544m -10.908   0.0017      +Col  3614A -10.518   0.0042      TOTL  2335A -10.123   0.0105            
 Ca A  3798A  -9.599   0.0351      Ca B 1.534m -10.983   0.0015      Ca B  7065A  -9.890   0.0180      Si 2  2334A -10.914   0.0017            
 Ca A  3771A  -9.724   0.0264      Ca B 1.526m -11.054   0.0012      +Col  7065A  -9.890   0.0180      Si 2  2350A -11.026   0.0013            
 Ca A  3750A  -9.837   0.0203      Ca B 1.519m -11.120   0.0011      Ca B  5876A  -9.150   0.0989      Si 2  2344A -10.498   0.0044            
 Ca A  3734A  -9.941   0.0160      Ca B 7.458m  -9.771   0.0237      +Col  5876A  -9.150   0.0989      Si 2  2336A -10.666   0.0030            
 Ca A  3722A -10.037   0.0128      Ca B 4.653m  -9.966   0.0151      Ca B  4713A -10.538   0.0040      Si 2  1814A -10.329   0.0065            
 Ca A  3712A -10.126   0.0104      Ca B 3.740m -10.147   0.0100      +Col  4713A -10.538   0.0040      Si 2  1531A -10.159   0.0097            
 Ca A  3704A -10.210   0.0086      Ca B 3.296m -10.306   0.0069      Ca B  4471A  -9.577   0.0370      Si 2  1308A -10.562   0.0038            
 Ca A  3697A -10.288   0.0072      Ca B 3.038m -10.448   0.0050      +Col  4471A  -9.577   0.0370      Si 2  1263A  -9.544   0.0399            
 Ca A  3692A -10.362   0.0061      Ca B 2.872m -10.576   0.0037      Ca B  4121A -10.952   0.0016      Si 3  1207A -10.428   0.0052            
 Ca A  3687A -10.432   0.0052      Ca B 2.758m -10.691   0.0028      +Col  4121A -10.952   0.0016      TOTL  1888A -10.723   0.0026            
 Ca A  3683A -10.498   0.0044      Ca B 2.674m -10.797   0.0022      Ca B  4026A  -9.898   0.0177      Si 3  1883A -10.925   0.0017            
 Ca A  3679A -10.561   0.0038      Ca B 2.612m -10.895   0.0018      +Col  4026A  -9.898   0.0177      S  2  6720A  -8.938   0.1609            
 Ca A  3676A -10.622   0.0033      Ca B 2.564m -10.986   0.0014      Ca B  7281A -10.411   0.0054      S  2  4074A -10.044   0.0126            
 Ca A  3674A -10.679   0.0029      Ca B 2.525m -11.071   0.0012      +Col  7281A -10.411   0.0054      S  2 1.033m -10.218   0.0085            
 Ca A  3671A -10.734   0.0026      Ca B 12.37m -10.189   0.0090      Ca B  6678A  -9.697   0.0281      S II  6731A  -9.324   0.0662            
 Ca A 1.875m  -8.691   0.2843      Ca B 7.500m -10.349   0.0062      +Col  6678A  -9.697   0.0281      S II  6716A  -9.169   0.0947            
 Ca A 1.282m  -9.015   0.1348      Ca B 5.907m -10.505   0.0044      Ca B  5048A -10.967   0.0015      S II  4070A -10.167   0.0095            
 Ca A 1.094m  -9.274   0.0742      Ca B 5.127m -10.647   0.0032      +Col  5048A -10.967   0.0015      S II  4078A -10.652   0.0031            
 Ca A 1.005m  -9.488   0.0454      Ca B 4.671m -10.774   0.0023      Ca B  4922A -10.146   0.0100      S II 1.032m -10.670   0.0030            
 Ca A  9546A  -9.669   0.0299      Ca B 4.375m -10.890   0.0018      +Col  4922A -10.146   0.0100      S II 1.029m -10.799   0.0022            
 Ca A  9229A  -9.827   0.0208      Ca B 4.170m -10.997   0.0014      Ca B  4388A -10.476   0.0047      S II 1.037m -11.122   0.0011            
 Ca A  9015A  -9.967   0.0151      Ca B 4.020m -11.095   0.0011      +Col  4388A -10.476   0.0047      S II 1.034m -10.802   0.0022            
 Ca A  8863A -10.093   0.0113      Ca B 19.06m -10.551   0.0039      Ca B 1.253m -11.101   0.0011      S  3 18.67m -10.428   0.0052            
 Ca A  8750A -10.208   0.0087      Ca B 11.31m -10.684   0.0029      +Col 1.253m -11.101   0.0011      S  3 33.47m -10.058   0.0122            
 Ca A  8665A -10.312   0.0068      Ca B 8.758m -10.820   0.0021      Ca B 1.700m -10.728   0.0026      S  3  9532A -10.083   0.0115            
 Ca A  8598A -10.409   0.0054      Ca B 7.506m -10.946   0.0016      +Col 1.700m -10.728   0.0026      S  3  9069A -10.477   0.0047            
 Ca A  8545A -10.499   0.0044      Ca B 6.770m -11.062   0.0012      Ca B 1.197m -10.894   0.0018      Fe 2  4300A  -9.447   0.0498            
 Ca A  8502A -10.583   0.0036      Ca B 27.80m -10.870   0.0019      +Col 1.197m -10.894   0.0018      Fe 2  2400A  -8.952   0.1561            
 Ca A  8467A -10.662   0.0030      Ca B 16.20m -10.981   0.0015      Ca B 1.869m -10.019   0.0134      Fe 2 1.534m -11.015   0.0013            
 Ca A  8438A -10.737   0.0026      Ca B 12.38m -11.101   0.0011      +Col 1.869m -10.019   0.0134      Fe 2 1.644m  -9.494   0.0447            
 Ca A  8413A -10.807   0.0022      H  1  1216A  -6.579  36.7677      Ca B 1.278m -10.397   0.0056      Fe 2 1.295m -11.139   0.0010            
 Ca A  8392A -10.873   0.0019      H  1  1026A  -8.509   0.4320      +Col 1.278m -10.397   0.0056      Fe 2 1.257m  -9.479   0.0464            
 Ca A  8374A -10.937   0.0016      H  1 972.5A  -8.979   0.1466      Ca B 1.870m -10.496   0.0045      Fe 2 1.321m -10.059   0.0122            
 Ca A  8359A -10.998   0.0014      H  1 949.7A  -9.166   0.0953      +Col 1.870m -10.496   0.0045      Fe 2 25.99m  -9.931   0.0164            
 Ca A  8346A -11.055   0.0012      H  1 937.8A  -9.232   0.0818      Ca B 1.279m -10.874   0.0019      Fe 2 35.35m -10.531   0.0041            
 Ca A  8334A -11.111   0.0011      H  1 930.8A  -9.302   0.0696      +Col 1.279m -10.874   0.0019      Fe 2 17.94m -10.460   0.0048            
 Ca A 4.051m  -9.294   0.0709      H  1 926.2A  -9.344   0.0632      He 1 625.6A  -7.675   2.9505      Fe 2 1.810m -10.192   0.0090            
 Ca A 2.625m  -9.544   0.0399      H  1 923.2A  -9.365   0.0602      He 1 584.3A  -8.657   0.3076      Fe 2  8617A -10.406   0.0055            
 Ca A 2.166m  -9.759   0.0243      H  1 921.0A  -9.404   0.0551      He 1 537.0A  -9.457   0.0488      Fe 2  8892A -10.856   0.0019            
 Ca A 1.945m  -9.943   0.0159      H  1  6563A  -7.674   2.9595      He 1 522.2A  -9.589   0.0360      Fe 2  9227A -11.106   0.0011            
 Ca A 1.817m -10.103   0.0110      H  1  4861A  -8.145   1.0000      He 1 515.6A  -9.682   0.0290      Fe 2  1786A  -9.283   0.0727            
 Ca A 1.736m -10.245   0.0079      H  1  4340A  -8.474   0.4687      He 1 512.1A  -9.747   0.0250      Fe 3 22.92m -10.302   0.0070            
 Ca A 1.681m -10.372   0.0059      H  1  4102A  -8.729   0.2608      TOTL 1.083m  -8.930   0.1641      Fe 3 33.03m -10.867   0.0019            
 Ca A 1.641m -10.487   0.0045      H  1  3970A  -8.939   0.1607      He 1 1.083m  -8.930   0.1641      Fe 3  5271A -10.647   0.0031            
 Ca A 1.611m -10.593   0.0036      H  1  3889A  -9.116   0.1070      He 1 1.083m  -9.884   0.0182      Fe 3  4659A -10.373   0.0059            
 Ca A 1.588m -10.691   0.0028      H  1  3835A  -9.267   0.0755      He 1 1.083m  -9.407   0.0547      Fe 3  4755A -11.111   0.0011            
 Ca A 1.570m -10.781   0.0023      H  1  3798A  -9.404   0.0550      He 1 1.083m  -9.185   0.0912      Fe 3  4702A -10.904   0.0017            
 Ca A 1.556m -10.866   0.0019      H  1 1.875m  -8.615   0.3385      He 1  3889A  -9.216   0.0849      recombination...............            
 Ca A 1.544m -10.945   0.0016      H  1 1.282m  -8.948   0.1573      He 1  3188A  -9.613   0.0340      level2 lines................            
 Ca A 1.534m -11.020   0.0013      H  1 1.094m  -9.202   0.0876      He 1  2945A  -9.933   0.0163      hyperfine structure.........            
 Ca A 1.526m -11.091   0.0011      H  1 1.005m  -9.414   0.0538      He 1  2829A -10.189   0.0090      database lines..............            
 Ca A 7.458m  -9.785   0.0229      H  1  9546A  -9.594   0.0356      He 1 2.058m -10.220   0.0084      inner shell.................            
 Ca A 4.653m  -9.984   0.0145      H  1  9229A  -9.749   0.0249      He 1  5016A  -9.851   0.0197      molecules...................            
 Ca A 3.740m -10.167   0.0095      H  1  9015A  -9.888   0.0181      He 1  3965A -10.236   0.0081      H-CT  6563A -10.335   0.0065            
 Ca A 3.296m -10.327   0.0066      H  1 4.051m  -9.229   0.0824      He 1  3614A -10.544   0.0040            
 Ca A 3.038m -10.470   0.0047      H  1 2.625m  -9.505   0.0437      He 1  3448A -10.796   0.0022            



  pg1630: hden = -1.0  
 Cooling:  HFBc     0 :0.163 HFFc     0 :0.091 Clin 912.0A:0.643  
 Heating:  BFH1     0 :0.861 BFHe     0 :0.137  

 IONIZE PARMET:  U(1-) -4.5653  U(4-): -6.0291  U(sp): -4.57  Q(ion):    4.803  L(ion) -4.939    Q(low): 13.406    L(low) -1.479
 ENERGY BUDGET:  Heat:  -6.886  Coolg:  -6.886  Error:  0.0%  Rec Lin:  -6.929  F-F  H-14.195    P(rad/tot)max     5.95E-05

     Col(Heff):      1.118E+17  snd travl time  6.38E+12 sec  Te-low: 1.06E+04  Te-hi: 1.08E+04  G0TH85: 3.65E-02  G0DB96:8.91E-03
  Emiss Measure    n(e)n(p) dl       5.897E+16  n(e)n(He+)dl         4.654E+15  En(e)n(He++) dl         1.716E+13  ne nC+:2.64E+11
 He/Ha:7.42E-02  =   0.74*true  Lthin:9.98E+06  itr/zn: 6.31  H2 itr/zn:  0.00  File Opacity: F  Mass tot  55.328
   Temps(21 cm)   T(21cm/Ly a)  5.91E+03        T(<nH/Tkin>)  1.07E+04          T(<nH/Tspin>)    6.25E+03          TB21cm:2.23E-03
        <Tspin>  6.25E+03       N(H0/Tspin)     1.53E+13      N(OH/Tkin)        0.00E+00         B(21cm):0.00E+00
   <a>:1.26E-11  erdeFe0.0E+00  Tcompt6.32E+11  Tthr2.68E+13  <Tden>: 1.07E+04  <dens>:2.34E-25  <MolWgt>6.91E-01
     Mean Jeans  l(cm)1.61E+22  M(sun)2.57E+08  smallest:     len(cm):1.60E+22  M(sun):2.54E+08  a_ox tran: -1.87
 Hatom level 70  HatomType: add  HInducImp  F  He tot level: 63  He2 level:   70  ExecTime     5.1
 ConvrgError(%)  <eden>  0.040  MaxEden  0.086  <H-C>   0.12  Max(H-C)    0.47  <Press>   0.000  MaxPrs er  0.000
  Continuity(%)  chng Te   0.2  elec den   0.4  n(H2)    0.0  n(CO)        0.0

                                                        Averaged Quantities
             Te      Te(Ne)   Te(NeNp)  Te(NeHe+)Te(NeHe2+) Te(NeO+)  Te(NeO2+)  Te(H2)     N(H)     Ne(O2+)   Ne(Np)   
 Radius:  1.07e+04  1.07e+04  1.07e+04  1.07e+04  1.07e+04  1.07e+04  1.07e+04  1.07e+04  1.00e-01  9.37e-02  9.37e-02
 
 Peimbert T(OIIIr)1.07E+04 T(Bac)1.15E+04 T(Hth)1.06E+04 t2(Hstrc) 2.94e-05 T(O3-BAC)1.06E+04 t2(O3-BC) 2.85e-03 t2(O3str) 2.90e-05

 Contin Optical Depths: COMP: 4.52e-07    H-: 1.94e-07 R(1300): 6.41e-07  H2+: 3.09e-09  Pfa:4.52E-07
                          Pa: 4.52e-07    Ba: 6.27e-07      Hb: 5.87e-07   La: 1.58e-03     1r:6.034E-01  1.8:2.86E-01 4.:1.284E-01

 Old, new H  1 continuum optical depths:
     1 6.03e-01     2 9.90e-08     3 1.94e-07     4 1.94e-07     5 1.94e-07     6 4.85e-08     7 4.85e-08     8 4.85e-08
     9 4.85e-08    10 1.18e-19    11 1.18e-19    12 1.18e-19    13 1.18e-19    14 1.18e-19    15 2.48e-19    16 2.48e-19
    17 2.48e-19    18 2.48e-19    19 2.48e-19    20 2.48e-19    21 4.82e-19    22 4.82e-19    23 4.82e-19    24 4.82e-19
    25 4.82e-19    26 4.82e-19    27 4.82e-19    28 8.49e-19    29 8.49e-19    30 8.49e-19    31 8.49e-19    32 8.49e-19
    33 8.49e-19    34 8.49e-19    35 8.49e-19    36 1.41e-18    37 1.41e-18    38 1.41e-18    39 1.41e-18    40 1.41e-18
    41 1.41e-18    42 1.41e-18    43 1.41e-18    44 1.41e-18    45 2.23e-18    46 2.23e-18    47 2.23e-18    48 2.23e-18
    49 2.23e-18    50 2.23e-18    51 2.23e-18    52 2.23e-18    53 2.23e-18    54 2.23e-18    55 3.39e-18    56 4.80e-18
    57 6.63e-18    58 9.01e-18    59 1.20e-17    60 1.55e-17    61 2.00e-17    62 2.53e-17    63 3.13e-17    64 3.88e-17
    65 4.69e-17    66 5.68e-17    67 6.78e-17    68 7.97e-17    69 9.19e-17
     1 6.03e-01     2 9.90e-08     3 1.94e-07     4 1.94e-07     5 1.94e-07     6 4.85e-08     7 4.85e-08     8 4.85e-08
     9 4.85e-08    10 1.20e-19    11 1.20e-19    12 1.20e-19    13 1.20e-19    14 1.20e-19    15 2.52e-19    16 2.52e-19
    17 2.52e-19    18 2.52e-19    19 2.52e-19    20 2.52e-19    21 4.88e-19    22 4.88e-19    23 4.88e-19    24 4.88e-19
    25 4.88e-19    26 4.88e-19    27 4.88e-19    28 8.59e-19    29 8.59e-19    30 8.59e-19    31 8.59e-19    32 8.59e-19
    33 8.59e-19    34 8.59e-19    35 8.59e-19    36 1.43e-18    37 1.43e-18    38 1.43e-18    39 1.43e-18    40 1.43e-18
    41 1.43e-18    42 1.43e-18    43 1.43e-18    44 1.43e-18    45 2.25e-18    46 2.25e-18    47 2.25e-18    48 2.25e-18
    49 2.25e-18    50 2.25e-18    51 2.25e-18    52 2.25e-18    53 2.25e-18    54 2.25e-18    55 3.43e-18    56 4.85e-18
    57 6.70e-18    58 9.09e-18    59 1.21e-17    60 1.56e-17    61 2.01e-17    62 2.55e-17    63 3.15e-17    64 3.90e-17
    65 4.71e-17    66 5.70e-17    67 6.80e-17    68 8.00e-17    69 9.21e-17

 Old, new H  1 line optical depths:
  2- 1 5.44e+03  3- 2 2.64e-10  4- 3 1.31e-16  5- 4 1.38e-16  6- 5 1.94e-16  7- 6 2.95e-16  8- 7 4.29e-16
  9- 8 6.07e-16 10- 9 8.50e-16 11-10 1.27e-13 12-11 5.93e-13 13-12 9.58e-13 14-13 1.48e-12 15-14 2.23e-12 16-15 3.28e-12
 17-16 4.73e-12 18-17 6.70e-12 19-18 9.37e-12 20-19 1.29e-11 21-20 1.77e-11 22-21 2.42e-11 23-22 3.33e-11 24-23 4.72e-11
 25-24 7.37e-11
  2- 1 5.44e+03  3- 2 2.68e-10  4- 3 1.33e-16  5- 4 1.39e-16  6- 5 1.94e-16  7- 6 2.91e-16  8- 7 4.18e-16
  9- 8 5.84e-16 10- 9 8.09e-16 11-10 1.29e-13 12-11 6.01e-13 13-12 9.71e-13 14-13 1.50e-12 15-14 2.25e-12 16-15 3.31e-12
 17-16 4.78e-12 18-17 6.77e-12 19-18 9.46e-12 20-19 1.31e-11 21-20 1.79e-11 22-21 2.44e-11 23-22 3.36e-11 24-23 4.75e-11
 25-24 7.42e-11

 Old, new He 2 continuum optical depths:
     1 1.28e-01     2 5.96e-01     3 4.67e-08     4 4.67e-08     5 4.67e-08     6 9.85e-08     7 9.85e-08     8 9.85e-08
     9 9.85e-08    10 1.57e-07    11 1.57e-07    12 1.57e-07    13 1.57e-07    14 1.57e-07    15 1.94e-07    16 1.94e-07
    17 1.94e-07    18 1.94e-07    19 1.94e-07    20 1.94e-07    21 1.64e-07    22 1.64e-07    23 1.64e-07    24 1.64e-07
    25 1.64e-07    26 1.64e-07    27 1.64e-07    28 4.85e-08    29 4.85e-08    30 4.85e-08    31 4.85e-08    32 4.85e-08
    33 4.85e-08    34 4.85e-08    35 4.85e-08    36 7.23e-20    37 7.23e-20    38 7.23e-20    39 7.23e-20    40 7.23e-20
    41 7.23e-20    42 7.23e-20    43 7.23e-20    44 7.23e-20    45 1.18e-19    46 1.18e-19    47 1.18e-19    48 1.18e-19
    49 1.18e-19    50 1.18e-19    51 1.18e-19    52 1.18e-19    53 1.18e-19    54 1.18e-19    55 1.61e-19    56 2.48e-19
    57 3.29e-19    58 4.82e-19    59 6.09e-19    60 8.49e-19    61 1.05e-18    62 1.41e-18    63 1.73e-18    64 2.23e-18
    65 2.68e-18    66 3.39e-18    67 3.87e-18    68 4.80e-18    69 5.49e-18
     1 1.28e-01     2 5.96e-01     3 4.67e-08     4 4.67e-08     5 4.67e-08     6 9.85e-08     7 9.85e-08     8 9.85e-08
     9 9.85e-08    10 1.57e-07    11 1.57e-07    12 1.57e-07    13 1.57e-07    14 1.57e-07    15 1.94e-07    16 1.94e-07
    17 1.94e-07    18 1.94e-07    19 1.94e-07    20 1.94e-07    21 1.64e-07    22 1.64e-07    23 1.64e-07    24 1.64e-07
    25 1.64e-07    26 1.64e-07    27 1.64e-07    28 4.85e-08    29 4.85e-08    30 4.85e-08    31 4.85e-08    32 4.85e-08
    33 4.85e-08    34 4.85e-08    35 4.85e-08    36 7.32e-20    37 7.32e-20    38 7.32e-20    39 7.32e-20    40 7.32e-20
    41 7.32e-20    42 7.32e-20    43 7.32e-20    44 7.32e-20    45 1.20e-19    46 1.20e-19    47 1.20e-19    48 1.20e-19
    49 1.20e-19    50 1.20e-19    51 1.20e-19    52 1.20e-19    53 1.20e-19    54 1.20e-19    55 1.63e-19    56 2.52e-19
    57 3.33e-19    58 4.88e-19    59 6.16e-19    60 8.59e-19    61 1.06e-18    62 1.43e-18    63 1.75e-18    64 2.25e-18
    65 2.71e-18    66 3.43e-18    67 3.91e-18    68 4.85e-18    69 5.55e-18

 Old, new He 2 line optical depths:
  2- 1 1.41e+03  3- 2 2.12e-15  4- 3 1.40e-20  5- 4 1.53e-20  6- 5 1.21e-20  7- 6 1.48e-20  8- 7 1.83e-20
  9- 8 2.24e-20 10- 9 2.65e-20 11-10 2.13e-17 12-11 1.72e-16 13-12 2.09e-16 14-13 2.81e-16 15-14 3.87e-16 16-15 5.37e-16
 17-16 7.44e-16 18-17 1.02e-15 19-18 1.40e-15 20-19 1.91e-15 21-20 2.59e-15 22-21 3.53e-15 23-22 4.85e-15 24-23 6.90e-15
 25-24 1.09e-14
  2- 1 1.41e+03  3- 2 2.19e-15  4- 3 1.63e-20  5- 4 1.85e-20  6- 5 1.31e-20  7- 6 1.68e-20  8- 7 2.14e-20
  9- 8 2.56e-20 10- 9 2.86e-20 11-10 2.14e-17 12-11 1.74e-16 13-12 2.11e-16 14-13 2.82e-16 15-14 3.88e-16 16-15 5.39e-16
 17-16 7.46e-16 18-17 1.03e-15 19-18 1.41e-15 20-19 1.91e-15 21-20 2.60e-15 22-21 3.53e-15 23-22 4.86e-15 24-23 6.91e-15
 25-24 1.09e-14

 Old He Is optical depths:    1 2.86e-01    2 6.46e-08    3 8.16e-08    4 9.18e-08    5 9.18e-08
 New He Is optical depths:    1 2.86e-01    2 6.46e-08    3 8.16e-08    4 9.18e-08    5 9.18e-08
          Old He Is Lines:  584 8.19e+02 3889 4.03e-07 5016 4.97e-13 5876 4.24e-17
          New He Is Lines:  584 8.19e+02 3889 4.05e-07 5016 5.03e-13 5876 4.26e-17

                                                     Log10 Column density (cm^-2)
   Htot  : 17.860   HII   : 17.799   HI    : 16.980   H-    :  9.696   H2g   :  9.212   H2*   :  4.910   H2+   :  8.645   HeH+  :  9.835
   H3+   :  1.065
   CO+   :-35.930   ClO   :-35.930   OCN   :-35.930   CS+   :-35.930   C3H+  :-35.930   SO+   :-35.930   C2H2  :-35.930   NO2   :-35.930
   HNO+  :-35.930   CO    :-35.930   H2Cl+ :-35.930   SiN+  :-35.930   CS    :-35.930   NO2+  :-35.930   C2H2+ :-35.930   CH2   :-35.930
   SiOH+ :-35.930   C3H   :-35.930   N2    :-35.930   C2+   :-35.930   SO    :-35.930   HCN+  :-35.930   OCS   :-35.930   NO+   :-35.930
   C2H+  :-35.930   ClO+  :-35.930   HCS+  :-35.930   NH3   :-35.930   CH3+  :-35.930   H2O   :-35.930   SiN   :-35.930   CH4+  :-35.930
   CH    :-35.930   CH5+  :-35.930   OCN+  :-35.930   HCNH+ :-35.930   NS+   :-35.930   O2+   :-35.930   N2O   :-35.930   OCS+  :-35.930
   S2+   :-35.930   CN    :-35.930   N2H+  :-35.930   NH2+  :-35.930   H2O+  :-35.930   NH3+  :-35.930   NH4+  :-35.930   C3    :-35.930
   CH+   :-35.930   NH    :-35.930   H2CCl+:-35.930   HCl   :-35.930   OH    :-35.930   HNC   :-35.930   CN+   :-35.930   CCl+  :-35.930
   CH3   :-35.930   HCl+  :-35.930   OH+   :-35.930   HNO   :-35.930   NH2   :-35.930   N2+   :-35.930   SiO   :-35.930   CCl   :-35.930
   H3O+  :-35.930   C2    :-35.930   SiO+  :-35.930   HCN   :-35.930   HS    :-35.930   C2H3+ :-35.930   NO    :-35.930   C2H   :-35.930
   CH4   :-35.930   SiH2+ :-35.930   O2    :-35.930   NH+   :-35.930   NS    :-35.930   C3+   :-35.930   SiH   :-35.930   S2    :-35.930
   HCO+  :-35.930   HS+   :-35.930   CH2+  :-35.930


               1      2      3      4      5      6      7      8      9     10     11     12     13     14     15     16     17

 Hydrogen   16.980 17.799  9.212 (H2)                Log10 Column density (cm^-2)
 Helium     16.355 16.696 14.263
 Carbon     10.772 12.449 11.456  7.330-30.000-30.000-30.000
 Nitrogen   10.994 11.997  9.653  6.305-30.000-30.000-30.000-30.000
 Oxygen     11.998 12.725 10.150  4.133-30.000-30.000-30.000-30.000-30.000
 Neon       11.023 12.030 11.045  6.821-30.000-30.000-30.000-30.000-30.000-30.000-30.000
 Magnesium  10.263 11.536 10.932  6.804-30.000-30.000-30.000-30.000-30.000-30.000-30.000-30.000-30.000
 Silicon     8.751 11.596 10.713  8.191  6.386-30.000-30.000-30.000-30.000-30.000-30.000-30.000-30.000-30.000-30.000
 Sulphur     8.973 11.296 10.585  7.208  5.991  2.095-30.000-30.000-30.000-30.000-30.000-30.000-30.000-30.000-30.000-30.000-30.000
 Iron        7.706 11.337 11.164  8.320  6.617  5.748  2.829  1.145-30.000-30.000-30.000-30.000-30.000-30.000-30.000-30.000-30.000
-30.000-30.000-30.000-30.000-30.000-30.000-30.000-30.000-30.000-30.000


               1      2      3      4      5      6      7      8      9     10     11     12     13     14     15     16     17

 Hydrogen   -0.880 -0.061 -8.347 (H2)                 Log10 Mean Ionisation (over radius)
 Helium     -0.505 -0.164 -2.597
 Carbon     -1.727 -0.050 -1.043 -5.169
 Nitrogen   -1.046 -0.043 -2.387 -5.735
 Oxygen     -0.803 -0.076 -2.650 -8.667
 Neon       -1.087 -0.080 -1.065 -5.289
 Magnesium  -1.387 -0.115 -0.719 -4.846
 Silicon    -2.900 -0.054 -0.938 -3.460 -5.265
 Sulphur    -2.402 -0.079 -0.790 -4.166 -5.384 -9.280
 Iron       -3.855 -0.224 -0.396 -3.240 -4.944 -5.812 -8.731-10.416

               1      2      3      4      5      6      7      8      9     10     11     12     13     14     15     16     17

 Hydrogen   -0.880 -0.061 -8.347 (H2)         Log10 Mean Ionisation (over radius*electron density)
 Helium     -0.505 -0.164 -2.597
 Carbon     -1.727 -0.050 -1.043 -5.169
 Nitrogen   -1.046 -0.043 -2.387 -5.735
 Oxygen     -0.803 -0.076 -2.650 -8.668
 Neon       -1.087 -0.080 -1.065 -5.289
 Magnesium  -1.387 -0.115 -0.719 -4.846
 Silicon    -2.900 -0.054 -0.938 -3.460 -5.265
 Sulphur    -2.402 -0.079 -0.790 -4.166 -5.384 -9.281
 Iron       -3.855 -0.224 -0.396 -3.240 -4.944 -5.812 -8.732-10.417

               1      2      3      4      5      6      7      8      9     10     11     12     13     14     15     16     17

 Hydrogen    4.030  4.030  4.030 (H2)                 Log10 Mean Temperature (over radius)
 Helium      4.030  4.030  4.030
 Carbon      4.030  4.030  4.031  4.031
 Nitrogen    4.030  4.030  4.031  4.030
 Oxygen      4.030  4.030  4.030  4.035
 Neon        4.030  4.030  4.030  4.031
 Magnesium   4.030  4.030  4.031  4.031
 Silicon     4.030  4.030  4.030  4.030  4.030
 Sulphur     4.030  4.030  4.031  4.030  4.030  4.035
 Iron        4.030  4.030  4.030  4.031  4.030  4.030  4.035  4.035

               1      2      3      4      5      6      7      8      9     10     11     12     13     14     15     16     17

 Hydrogen    4.030  4.030  4.030 (H2)         Log10 Mean Temperature (over radius*electron density)
 Helium      4.030  4.030  4.030
 Carbon      4.030  4.030  4.031  4.031
 Nitrogen    4.030  4.030  4.031  4.030
 Oxygen      4.030  4.030  4.030  4.035
 Neon        4.030  4.030  4.030  4.031
 Magnesium   4.030  4.030  4.031  4.031
 Silicon     4.030  4.030  4.030  4.030  4.030
 Sulphur     4.030  4.030  4.031  4.030  4.030  4.035
 Iron        4.030  4.030  4.030  4.031  4.030  4.030  4.035  4.035
 pg1630: hden = -1.0  

 Cloudy ends:  13 zones,   2 iterations.  ExecTime(s) 5.15
 [Stop in main at maincl.cpp:331, Cloudy exited OK]
